2021-05-07 04:17:36,482 - Initializing Velocity, Calling init()...
2021-05-07 04:17:36,482 - Starting Apache Velocity v1.7 (compiled: 2010-11-19 12:14:37)
2021-05-07 04:17:36,482 - Default Properties File: org\apache\velocity\runtime\defaults\velocity.properties
2021-05-07 04:17:36,483 - Trying to use logger class org.apache.velocity.runtime.log.AvalonLogChute
2021-05-07 04:17:36,483 - Target log system for org.apache.velocity.runtime.log.AvalonLogChute is not available (java.lang.NoClassDefFoundError: org/apache/log/format/Formatter).  Falling back to next log system...
2021-05-07 04:17:36,483 - Trying to use logger class org.apache.velocity.runtime.log.Log4JLogChute
2021-05-07 04:17:36,483 - Using logger class org.apache.velocity.runtime.log.Log4JLogChute
2021-05-07 04:17:36,487 - ResourceLoader instantiated: org.apache.velocity.runtime.resource.loader.ClasspathResourceLoader
2021-05-07 04:17:36,494 - ResourceCache: initialized (class org.apache.velocity.runtime.resource.ResourceCacheImpl) with class java.util.Collections$SynchronizedMap cache map.
2021-05-07 04:17:36,526 - Loaded System Directive: org.apache.velocity.runtime.directive.Stop
2021-05-07 04:17:36,527 - Loaded System Directive: org.apache.velocity.runtime.directive.Define
2021-05-07 04:17:36,527 - Loaded System Directive: org.apache.velocity.runtime.directive.Break
2021-05-07 04:17:36,527 - Loaded System Directive: org.apache.velocity.runtime.directive.Evaluate
2021-05-07 04:17:36,529 - Loaded System Directive: org.apache.velocity.runtime.directive.Literal
2021-05-07 04:17:36,530 - Loaded System Directive: org.apache.velocity.runtime.directive.Macro
2021-05-07 04:17:36,532 - Loaded System Directive: org.apache.velocity.runtime.directive.Parse
2021-05-07 04:17:36,533 - Loaded System Directive: org.apache.velocity.runtime.directive.Include
2021-05-07 04:17:36,534 - Loaded System Directive: org.apache.velocity.runtime.directive.Foreach
2021-05-07 04:17:36,560 - Created '20' parsers.
2021-05-07 04:17:36,590 - Velocimacro : "velocimacro.library" is not set.  Trying default library: VM_global_library.vm
2021-05-07 04:17:36,590 - Could not load resource 'VM_global_library.vm' from ResourceLoader org.apache.velocity.runtime.resource.loader.ClasspathResourceLoader: ClasspathResourceLoader Error: cannot find resource VM_global_library.vm
2021-05-07 04:17:36,590 - Velocimacro : Default library not found.
2021-05-07 04:17:36,590 - Velocimacro : allowInline = true : VMs can be defined inline in templates
2021-05-07 04:17:36,590 - Velocimacro : allowInlineToOverride = false : VMs defined inline may NOT replace previous VM definitions
2021-05-07 04:17:36,590 - Velocimacro : allowInlineLocal = false : VMs defined inline will be global in scope if allowed.
2021-05-07 04:17:36,590 - Velocimacro : autoload off : VM system will not automatically reload global library macros
2021-05-07 04:17:36,617 - ResourceManager : found templates/generators/featuresOverview.vm with loader org.apache.velocity.runtime.resource.loader.ClasspathResourceLoader
2021-05-07 04:17:36,624 - ResourceManager : found /templates/headers.vm with loader org.apache.velocity.runtime.resource.loader.ClasspathResourceLoader
2021-05-07 04:17:36,624 - ResourceManager : found /templates/head.html with loader org.apache.velocity.runtime.resource.loader.ClasspathResourceLoader
2021-05-07 04:17:36,630 - Velocimacro : added VM includeTitle: source=/templates/macros/page/title.vm
2021-05-07 04:17:36,630 - ResourceManager : found /templates/macros/page/title.vm with loader org.apache.velocity.runtime.resource.loader.ClasspathResourceLoader
2021-05-07 04:17:36,641 - Velocimacro : added VM includeNavigation: source=/templates/macros/page/navigation.vm
2021-05-07 04:17:36,642 - ResourceManager : found /templates/macros/page/navigation.vm with loader org.apache.velocity.runtime.resource.loader.ClasspathResourceLoader
2021-05-07 04:17:36,646 - Velocimacro : added VM includeBuildInfo: source=/templates/macros/page/buildinfo.vm
2021-05-07 04:17:36,646 - ResourceManager : found /templates/macros/page/buildinfo.vm with loader org.apache.velocity.runtime.resource.loader.ClasspathResourceLoader
2021-05-07 04:17:36,647 - Velocimacro : added VM includeLead: source=/templates/macros/page/lead.vm
2021-05-07 04:17:36,647 - ResourceManager : found /templates/macros/page/lead.vm with loader org.apache.velocity.runtime.resource.loader.ClasspathResourceLoader
2021-05-07 04:17:36,658 - Velocimacro : added VM includeStatsTable: source=/templates/macros/report/statsTable.vm
2021-05-07 04:17:36,658 - ResourceManager : found /templates/macros/report/statsTable.vm with loader org.apache.velocity.runtime.resource.loader.ClasspathResourceLoader
2021-05-07 04:17:36,664 - Velocimacro : added VM includeReportTable: source=/templates/macros/report/reportTable.vm
2021-05-07 04:17:36,664 - ResourceManager : found /templates/macros/report/reportTable.vm with loader org.apache.velocity.runtime.resource.loader.ClasspathResourceLoader
2021-05-07 04:17:36,669 - Velocimacro : added VM includeReportHeader: source=/templates/macros/report/reportHeader.vm
2021-05-07 04:17:36,669 - ResourceManager : found /templates/macros/report/reportHeader.vm with loader org.apache.velocity.runtime.resource.loader.ClasspathResourceLoader
2021-05-07 04:17:36,673 - Velocimacro : added VM includeElements: source=/templates/macros/report/elements.vm
2021-05-07 04:17:36,673 - ResourceManager : found /templates/macros/report/elements.vm with loader org.apache.velocity.runtime.resource.loader.ClasspathResourceLoader
2021-05-07 04:17:36,674 - Velocimacro : added VM includeBrief: source=/templates/macros/report/brief.vm
2021-05-07 04:17:36,674 - ResourceManager : found /templates/macros/report/brief.vm with loader org.apache.velocity.runtime.resource.loader.ClasspathResourceLoader
2021-05-07 04:17:36,674 - Velocimacro : added VM includeTags: source=/templates/macros/report/tags.vm
2021-05-07 04:17:36,674 - ResourceManager : found /templates/macros/report/tags.vm with loader org.apache.velocity.runtime.resource.loader.ClasspathResourceLoader
2021-05-07 04:17:36,678 - Velocimacro : added VM includeEmbeddings: source=/templates/macros/report/embeddings.vm
2021-05-07 04:17:36,678 - Velocimacro : added VM includeImageEmbedding: source=/templates/macros/report/embeddings.vm
2021-05-07 04:17:36,678 - Velocimacro : added VM includeMonochromeTextEmbedding: source=/templates/macros/report/embeddings.vm
2021-05-07 04:17:36,678 - Velocimacro : added VM includePlainTextEmbedding: source=/templates/macros/report/embeddings.vm
2021-05-07 04:17:36,679 - Velocimacro : added VM includeUnknownEmbedding: source=/templates/macros/report/embeddings.vm
2021-05-07 04:17:36,679 - Velocimacro : added VM includeExpandableEmbedding: source=/templates/macros/report/embeddings.vm
2021-05-07 04:17:36,679 - ResourceManager : found /templates/macros/report/embeddings.vm with loader org.apache.velocity.runtime.resource.loader.ClasspathResourceLoader
2021-05-07 04:17:36,682 - Velocimacro : added VM includeHooks: source=/templates/macros/report/hooks.vm
2021-05-07 04:17:36,682 - ResourceManager : found /templates/macros/report/hooks.vm with loader org.apache.velocity.runtime.resource.loader.ClasspathResourceLoader
2021-05-07 04:17:36,683 - Velocimacro : added VM includeDuration: source=/templates/macros/report/duration.vm
2021-05-07 04:17:36,683 - ResourceManager : found /templates/macros/report/duration.vm with loader org.apache.velocity.runtime.resource.loader.ClasspathResourceLoader
2021-05-07 04:17:36,691 - Velocimacro : added VM includeMessage: source=/templates/macros/report/message.vm
2021-05-07 04:17:36,691 - ResourceManager : found /templates/macros/report/message.vm with loader org.apache.velocity.runtime.resource.loader.ClasspathResourceLoader
2021-05-07 04:17:36,758 - ResourceManager : found /templates/footer.html with loader org.apache.velocity.runtime.resource.loader.ClasspathResourceLoader
2021-05-07 04:17:36,762 - Log4JLogChute initialized using file '.\Reports\GeneratdReports\Sandbox\2021-05-07\velocity.log'
2021-05-07 04:17:36,763 - Initializing Velocity, Calling init()...
2021-05-07 04:17:36,763 - Starting Apache Velocity v1.7 (compiled: 2010-11-19 12:14:37)
2021-05-07 04:17:36,763 - Default Properties File: org\apache\velocity\runtime\defaults\velocity.properties
2021-05-07 04:17:36,763 - Trying to use logger class org.apache.velocity.runtime.log.AvalonLogChute
2021-05-07 04:17:36,763 - Target log system for org.apache.velocity.runtime.log.AvalonLogChute is not available (java.lang.NoClassDefFoundError: org/apache/log/format/Formatter).  Falling back to next log system...
2021-05-07 04:17:36,763 - Trying to use logger class org.apache.velocity.runtime.log.Log4JLogChute
2021-05-07 04:17:36,763 - Using logger class org.apache.velocity.runtime.log.Log4JLogChute
2021-05-07 04:17:36,763 - ResourceLoader instantiated: org.apache.velocity.runtime.resource.loader.ClasspathResourceLoader
2021-05-07 04:17:36,763 - ResourceCache: initialized (class org.apache.velocity.runtime.resource.ResourceCacheImpl) with class java.util.Collections$SynchronizedMap cache map.
2021-05-07 04:17:36,763 - Loaded System Directive: org.apache.velocity.runtime.directive.Stop
2021-05-07 04:17:36,763 - Loaded System Directive: org.apache.velocity.runtime.directive.Define
2021-05-07 04:17:36,763 - Loaded System Directive: org.apache.velocity.runtime.directive.Break
2021-05-07 04:17:36,764 - Loaded System Directive: org.apache.velocity.runtime.directive.Evaluate
2021-05-07 04:17:36,764 - Loaded System Directive: org.apache.velocity.runtime.directive.Literal
2021-05-07 04:17:36,764 - Loaded System Directive: org.apache.velocity.runtime.directive.Macro
2021-05-07 04:17:36,764 - Loaded System Directive: org.apache.velocity.runtime.directive.Parse
2021-05-07 04:17:36,764 - Loaded System Directive: org.apache.velocity.runtime.directive.Include
2021-05-07 04:17:36,764 - Loaded System Directive: org.apache.velocity.runtime.directive.Foreach
2021-05-07 04:17:36,765 - Created '20' parsers.
2021-05-07 04:17:36,765 - Velocimacro : "velocimacro.library" is not set.  Trying default library: VM_global_library.vm
2021-05-07 04:17:36,765 - Could not load resource 'VM_global_library.vm' from ResourceLoader org.apache.velocity.runtime.resource.loader.ClasspathResourceLoader: ClasspathResourceLoader Error: cannot find resource VM_global_library.vm
2021-05-07 04:17:36,765 - Velocimacro : Default library not found.
2021-05-07 04:17:36,765 - Velocimacro : allowInline = true : VMs can be defined inline in templates
2021-05-07 04:17:36,765 - Velocimacro : allowInlineToOverride = false : VMs defined inline may NOT replace previous VM definitions
2021-05-07 04:17:36,765 - Velocimacro : allowInlineLocal = false : VMs defined inline will be global in scope if allowed.
2021-05-07 04:17:36,765 - Velocimacro : autoload off : VM system will not automatically reload global library macros
2021-05-07 04:17:36,767 - ResourceManager : found templates/generators/featureReport.vm with loader org.apache.velocity.runtime.resource.loader.ClasspathResourceLoader
2021-05-07 04:17:36,768 - ResourceManager : found /templates/headers.vm with loader org.apache.velocity.runtime.resource.loader.ClasspathResourceLoader
2021-05-07 04:17:36,769 - ResourceManager : found /templates/head.html with loader org.apache.velocity.runtime.resource.loader.ClasspathResourceLoader
2021-05-07 04:17:36,770 - Velocimacro : added VM includeTitle: source=/templates/macros/page/title.vm
2021-05-07 04:17:36,771 - ResourceManager : found /templates/macros/page/title.vm with loader org.apache.velocity.runtime.resource.loader.ClasspathResourceLoader
2021-05-07 04:17:36,772 - Velocimacro : added VM includeNavigation: source=/templates/macros/page/navigation.vm
2021-05-07 04:17:36,772 - ResourceManager : found /templates/macros/page/navigation.vm with loader org.apache.velocity.runtime.resource.loader.ClasspathResourceLoader
2021-05-07 04:17:36,773 - Velocimacro : added VM includeBuildInfo: source=/templates/macros/page/buildinfo.vm
2021-05-07 04:17:36,773 - ResourceManager : found /templates/macros/page/buildinfo.vm with loader org.apache.velocity.runtime.resource.loader.ClasspathResourceLoader
2021-05-07 04:17:36,773 - Velocimacro : added VM includeLead: source=/templates/macros/page/lead.vm
2021-05-07 04:17:36,774 - ResourceManager : found /templates/macros/page/lead.vm with loader org.apache.velocity.runtime.resource.loader.ClasspathResourceLoader
2021-05-07 04:17:36,776 - Velocimacro : added VM includeStatsTable: source=/templates/macros/report/statsTable.vm
2021-05-07 04:17:36,776 - ResourceManager : found /templates/macros/report/statsTable.vm with loader org.apache.velocity.runtime.resource.loader.ClasspathResourceLoader
2021-05-07 04:17:36,777 - Velocimacro : added VM includeReportTable: source=/templates/macros/report/reportTable.vm
2021-05-07 04:17:36,777 - ResourceManager : found /templates/macros/report/reportTable.vm with loader org.apache.velocity.runtime.resource.loader.ClasspathResourceLoader
2021-05-07 04:17:36,780 - Velocimacro : added VM includeReportHeader: source=/templates/macros/report/reportHeader.vm
2021-05-07 04:17:36,780 - ResourceManager : found /templates/macros/report/reportHeader.vm with loader org.apache.velocity.runtime.resource.loader.ClasspathResourceLoader
2021-05-07 04:17:36,790 - Velocimacro : added VM includeElements: source=/templates/macros/report/elements.vm
2021-05-07 04:17:36,790 - ResourceManager : found /templates/macros/report/elements.vm with loader org.apache.velocity.runtime.resource.loader.ClasspathResourceLoader
2021-05-07 04:17:36,790 - Velocimacro : added VM includeBrief: source=/templates/macros/report/brief.vm
2021-05-07 04:17:36,790 - ResourceManager : found /templates/macros/report/brief.vm with loader org.apache.velocity.runtime.resource.loader.ClasspathResourceLoader
2021-05-07 04:17:36,795 - Velocimacro : added VM includeTags: source=/templates/macros/report/tags.vm
2021-05-07 04:17:36,795 - ResourceManager : found /templates/macros/report/tags.vm with loader org.apache.velocity.runtime.resource.loader.ClasspathResourceLoader
2021-05-07 04:17:36,797 - Velocimacro : added VM includeEmbeddings: source=/templates/macros/report/embeddings.vm
2021-05-07 04:17:36,797 - Velocimacro : added VM includeImageEmbedding: source=/templates/macros/report/embeddings.vm
2021-05-07 04:17:36,797 - Velocimacro : added VM includeMonochromeTextEmbedding: source=/templates/macros/report/embeddings.vm
2021-05-07 04:17:36,797 - Velocimacro : added VM includePlainTextEmbedding: source=/templates/macros/report/embeddings.vm
2021-05-07 04:17:36,797 - Velocimacro : added VM includeUnknownEmbedding: source=/templates/macros/report/embeddings.vm
2021-05-07 04:17:36,797 - Velocimacro : added VM includeExpandableEmbedding: source=/templates/macros/report/embeddings.vm
2021-05-07 04:17:36,797 - ResourceManager : found /templates/macros/report/embeddings.vm with loader org.apache.velocity.runtime.resource.loader.ClasspathResourceLoader
2021-05-07 04:17:36,798 - Velocimacro : added VM includeHooks: source=/templates/macros/report/hooks.vm
2021-05-07 04:17:36,798 - ResourceManager : found /templates/macros/report/hooks.vm with loader org.apache.velocity.runtime.resource.loader.ClasspathResourceLoader
2021-05-07 04:17:36,799 - Velocimacro : added VM includeDuration: source=/templates/macros/report/duration.vm
2021-05-07 04:17:36,799 - ResourceManager : found /templates/macros/report/duration.vm with loader org.apache.velocity.runtime.resource.loader.ClasspathResourceLoader
2021-05-07 04:17:36,799 - Velocimacro : added VM includeMessage: source=/templates/macros/report/message.vm
2021-05-07 04:17:36,799 - ResourceManager : found /templates/macros/report/message.vm with loader org.apache.velocity.runtime.resource.loader.ClasspathResourceLoader
2021-05-07 04:17:36,800 - VM #includeNavigation: too few arguments to macro. Wanted 1 got 0
2021-05-07 04:17:36,801 - Left side ($active_tab) of '==' operation has null value. If it is a reference, it may not be in the context or its toString() returned null. /templates/macros/page/navigation.vm[line 14, column 51]
2021-05-07 04:17:36,801 - Left side ($active_tab) of '==' operation has null value. If it is a reference, it may not be in the context or its toString() returned null. /templates/macros/page/navigation.vm[line 15, column 51]
2021-05-07 04:17:36,801 - Left side ($active_tab) of '==' operation has null value. If it is a reference, it may not be in the context or its toString() returned null. /templates/macros/page/navigation.vm[line 16, column 51]
2021-05-07 04:17:36,801 - VM #includeLead: too few arguments to macro. Wanted 2 got 1
2021-05-07 04:17:36,802 - VM #includeBrief: too few arguments to macro. Wanted 5 got 3
2021-05-07 04:17:36,803 - VM #includeBrief: too few arguments to macro. Wanted 5 got 4
2021-05-07 04:17:36,810 - VM #includeBrief: too few arguments to macro. Wanted 5 got 4
2021-05-07 04:17:36,811 - VM #includeBrief: too few arguments to macro. Wanted 5 got 4
2021-05-07 04:17:36,815 - VM #includeBrief: too few arguments to macro. Wanted 5 got 4
2021-05-07 04:17:36,816 - VM #includeBrief: too few arguments to macro. Wanted 5 got 4
2021-05-07 04:17:36,816 - VM #includeBrief: too few arguments to macro. Wanted 5 got 4
2021-05-07 04:17:36,817 - VM #includeBrief: too few arguments to macro. Wanted 5 got 4
2021-05-07 04:17:36,819 - VM #includeBrief: too few arguments to macro. Wanted 5 got 4
2021-05-07 04:17:36,819 - VM #includeBrief: too few arguments to macro. Wanted 5 got 4
2021-05-07 04:17:36,820 - VM #includeBrief: too few arguments to macro. Wanted 5 got 4
2021-05-07 04:17:36,820 - VM #includeBrief: too few arguments to macro. Wanted 5 got 4
2021-05-07 04:17:36,823 - VM #includeBrief: too few arguments to macro. Wanted 5 got 4
2021-05-07 04:17:36,823 - VM #includeBrief: too few arguments to macro. Wanted 5 got 4
2021-05-07 04:17:36,823 - VM #includeBrief: too few arguments to macro. Wanted 5 got 4
2021-05-07 04:17:36,824 - VM #includeBrief: too few arguments to macro. Wanted 5 got 4
2021-05-07 04:17:36,825 - VM #includeBrief: too few arguments to macro. Wanted 5 got 4
2021-05-07 04:17:36,826 - VM #includeBrief: too few arguments to macro. Wanted 5 got 4
2021-05-07 04:17:36,826 - VM #includeBrief: too few arguments to macro. Wanted 5 got 4
2021-05-07 04:17:36,827 - VM #includeBrief: too few arguments to macro. Wanted 5 got 4
2021-05-07 04:17:36,828 - VM #includeBrief: too few arguments to macro. Wanted 5 got 4
2021-05-07 04:17:36,828 - ResourceManager : found /templates/footer.html with loader org.apache.velocity.runtime.resource.loader.ClasspathResourceLoader
2021-05-07 04:17:36,830 - Log4JLogChute initialized using file '.\Reports\GeneratdReports\Sandbox\2021-05-07\velocity.log'
2021-05-07 04:17:36,830 - Initializing Velocity, Calling init()...
2021-05-07 04:17:36,830 - Starting Apache Velocity v1.7 (compiled: 2010-11-19 12:14:37)
2021-05-07 04:17:36,830 - Default Properties File: org\apache\velocity\runtime\defaults\velocity.properties
2021-05-07 04:17:36,830 - Trying to use logger class org.apache.velocity.runtime.log.AvalonLogChute
2021-05-07 04:17:36,830 - Target log system for org.apache.velocity.runtime.log.AvalonLogChute is not available (java.lang.NoClassDefFoundError: org/apache/log/format/Formatter).  Falling back to next log system...
2021-05-07 04:17:36,830 - Trying to use logger class org.apache.velocity.runtime.log.Log4JLogChute
2021-05-07 04:17:36,830 - Using logger class org.apache.velocity.runtime.log.Log4JLogChute
2021-05-07 04:17:36,830 - ResourceLoader instantiated: org.apache.velocity.runtime.resource.loader.ClasspathResourceLoader
2021-05-07 04:17:36,830 - ResourceCache: initialized (class org.apache.velocity.runtime.resource.ResourceCacheImpl) with class java.util.Collections$SynchronizedMap cache map.
2021-05-07 04:17:36,831 - Loaded System Directive: org.apache.velocity.runtime.directive.Stop
2021-05-07 04:17:36,831 - Loaded System Directive: org.apache.velocity.runtime.directive.Define
2021-05-07 04:17:36,831 - Loaded System Directive: org.apache.velocity.runtime.directive.Break
2021-05-07 04:17:36,831 - Loaded System Directive: org.apache.velocity.runtime.directive.Evaluate
2021-05-07 04:17:36,831 - Loaded System Directive: org.apache.velocity.runtime.directive.Literal
2021-05-07 04:17:36,831 - Loaded System Directive: org.apache.velocity.runtime.directive.Macro
2021-05-07 04:17:36,831 - Loaded System Directive: org.apache.velocity.runtime.directive.Parse
2021-05-07 04:17:36,831 - Loaded System Directive: org.apache.velocity.runtime.directive.Include
2021-05-07 04:17:36,831 - Loaded System Directive: org.apache.velocity.runtime.directive.Foreach
2021-05-07 04:17:36,832 - Created '20' parsers.
2021-05-07 04:17:36,832 - Velocimacro : "velocimacro.library" is not set.  Trying default library: VM_global_library.vm
2021-05-07 04:17:36,832 - Could not load resource 'VM_global_library.vm' from ResourceLoader org.apache.velocity.runtime.resource.loader.ClasspathResourceLoader: ClasspathResourceLoader Error: cannot find resource VM_global_library.vm
2021-05-07 04:17:36,832 - Velocimacro : Default library not found.
2021-05-07 04:17:36,832 - Velocimacro : allowInline = true : VMs can be defined inline in templates
2021-05-07 04:17:36,832 - Velocimacro : allowInlineToOverride = false : VMs defined inline may NOT replace previous VM definitions
2021-05-07 04:17:36,832 - Velocimacro : allowInlineLocal = false : VMs defined inline will be global in scope if allowed.
2021-05-07 04:17:36,832 - Velocimacro : autoload off : VM system will not automatically reload global library macros
2021-05-07 04:17:36,835 - ResourceManager : found templates/generators/tagsOverview.vm with loader org.apache.velocity.runtime.resource.loader.ClasspathResourceLoader
2021-05-07 04:17:36,836 - ResourceManager : found /templates/headers.vm with loader org.apache.velocity.runtime.resource.loader.ClasspathResourceLoader
2021-05-07 04:17:36,836 - ResourceManager : found /templates/head.html with loader org.apache.velocity.runtime.resource.loader.ClasspathResourceLoader
2021-05-07 04:17:36,839 - Velocimacro : added VM includeTitle: source=/templates/macros/page/title.vm
2021-05-07 04:17:36,839 - ResourceManager : found /templates/macros/page/title.vm with loader org.apache.velocity.runtime.resource.loader.ClasspathResourceLoader
2021-05-07 04:17:36,842 - Velocimacro : added VM includeNavigation: source=/templates/macros/page/navigation.vm
2021-05-07 04:17:36,842 - ResourceManager : found /templates/macros/page/navigation.vm with loader org.apache.velocity.runtime.resource.loader.ClasspathResourceLoader
2021-05-07 04:17:36,842 - Velocimacro : added VM includeBuildInfo: source=/templates/macros/page/buildinfo.vm
2021-05-07 04:17:36,842 - ResourceManager : found /templates/macros/page/buildinfo.vm with loader org.apache.velocity.runtime.resource.loader.ClasspathResourceLoader
2021-05-07 04:17:36,843 - Velocimacro : added VM includeLead: source=/templates/macros/page/lead.vm
2021-05-07 04:17:36,843 - ResourceManager : found /templates/macros/page/lead.vm with loader org.apache.velocity.runtime.resource.loader.ClasspathResourceLoader
2021-05-07 04:17:36,846 - Velocimacro : added VM includeStatsTable: source=/templates/macros/report/statsTable.vm
2021-05-07 04:17:36,846 - ResourceManager : found /templates/macros/report/statsTable.vm with loader org.apache.velocity.runtime.resource.loader.ClasspathResourceLoader
2021-05-07 04:17:36,848 - Velocimacro : added VM includeReportTable: source=/templates/macros/report/reportTable.vm
2021-05-07 04:17:36,848 - ResourceManager : found /templates/macros/report/reportTable.vm with loader org.apache.velocity.runtime.resource.loader.ClasspathResourceLoader
2021-05-07 04:17:36,854 - Velocimacro : added VM includeReportHeader: source=/templates/macros/report/reportHeader.vm
2021-05-07 04:17:36,854 - ResourceManager : found /templates/macros/report/reportHeader.vm with loader org.apache.velocity.runtime.resource.loader.ClasspathResourceLoader
2021-05-07 04:17:36,914 - Velocimacro : added VM includeElements: source=/templates/macros/report/elements.vm
2021-05-07 04:17:36,914 - ResourceManager : found /templates/macros/report/elements.vm with loader org.apache.velocity.runtime.resource.loader.ClasspathResourceLoader
2021-05-07 04:17:36,914 - Velocimacro : added VM includeBrief: source=/templates/macros/report/brief.vm
2021-05-07 04:17:36,925 - ResourceManager : found /templates/macros/report/brief.vm with loader org.apache.velocity.runtime.resource.loader.ClasspathResourceLoader
2021-05-07 04:17:36,927 - Velocimacro : added VM includeTags: source=/templates/macros/report/tags.vm
2021-05-07 04:17:36,927 - ResourceManager : found /templates/macros/report/tags.vm with loader org.apache.velocity.runtime.resource.loader.ClasspathResourceLoader
2021-05-07 04:17:36,929 - Velocimacro : added VM includeEmbeddings: source=/templates/macros/report/embeddings.vm
2021-05-07 04:17:36,929 - Velocimacro : added VM includeImageEmbedding: source=/templates/macros/report/embeddings.vm
2021-05-07 04:17:36,930 - Velocimacro : added VM includeMonochromeTextEmbedding: source=/templates/macros/report/embeddings.vm
2021-05-07 04:17:36,930 - Velocimacro : added VM includePlainTextEmbedding: source=/templates/macros/report/embeddings.vm
2021-05-07 04:17:36,930 - Velocimacro : added VM includeUnknownEmbedding: source=/templates/macros/report/embeddings.vm
2021-05-07 04:17:36,931 - Velocimacro : added VM includeExpandableEmbedding: source=/templates/macros/report/embeddings.vm
2021-05-07 04:17:36,931 - ResourceManager : found /templates/macros/report/embeddings.vm with loader org.apache.velocity.runtime.resource.loader.ClasspathResourceLoader
2021-05-07 04:17:36,932 - Velocimacro : added VM includeHooks: source=/templates/macros/report/hooks.vm
2021-05-07 04:17:36,933 - ResourceManager : found /templates/macros/report/hooks.vm with loader org.apache.velocity.runtime.resource.loader.ClasspathResourceLoader
2021-05-07 04:17:36,933 - Velocimacro : added VM includeDuration: source=/templates/macros/report/duration.vm
2021-05-07 04:17:36,933 - ResourceManager : found /templates/macros/report/duration.vm with loader org.apache.velocity.runtime.resource.loader.ClasspathResourceLoader
2021-05-07 04:17:36,933 - Velocimacro : added VM includeMessage: source=/templates/macros/report/message.vm
2021-05-07 04:17:36,933 - ResourceManager : found /templates/macros/report/message.vm with loader org.apache.velocity.runtime.resource.loader.ClasspathResourceLoader
2021-05-07 04:17:36,936 - ResourceManager : found /templates/footer.html with loader org.apache.velocity.runtime.resource.loader.ClasspathResourceLoader
2021-05-07 04:17:36,937 - Log4JLogChute initialized using file '.\Reports\GeneratdReports\Sandbox\2021-05-07\velocity.log'
2021-05-07 04:17:36,938 - Initializing Velocity, Calling init()...
2021-05-07 04:17:36,938 - Starting Apache Velocity v1.7 (compiled: 2010-11-19 12:14:37)
2021-05-07 04:17:36,938 - Default Properties File: org\apache\velocity\runtime\defaults\velocity.properties
2021-05-07 04:17:36,938 - Trying to use logger class org.apache.velocity.runtime.log.AvalonLogChute
2021-05-07 04:17:36,938 - Target log system for org.apache.velocity.runtime.log.AvalonLogChute is not available (java.lang.NoClassDefFoundError: org/apache/log/format/Formatter).  Falling back to next log system...
2021-05-07 04:17:36,938 - Trying to use logger class org.apache.velocity.runtime.log.Log4JLogChute
2021-05-07 04:17:36,938 - Using logger class org.apache.velocity.runtime.log.Log4JLogChute
2021-05-07 04:17:36,938 - ResourceLoader instantiated: org.apache.velocity.runtime.resource.loader.ClasspathResourceLoader
2021-05-07 04:17:36,938 - ResourceCache: initialized (class org.apache.velocity.runtime.resource.ResourceCacheImpl) with class java.util.Collections$SynchronizedMap cache map.
2021-05-07 04:17:36,938 - Loaded System Directive: org.apache.velocity.runtime.directive.Stop
2021-05-07 04:17:36,938 - Loaded System Directive: org.apache.velocity.runtime.directive.Define
2021-05-07 04:17:36,939 - Loaded System Directive: org.apache.velocity.runtime.directive.Break
2021-05-07 04:17:36,939 - Loaded System Directive: org.apache.velocity.runtime.directive.Evaluate
2021-05-07 04:17:36,939 - Loaded System Directive: org.apache.velocity.runtime.directive.Literal
2021-05-07 04:17:36,939 - Loaded System Directive: org.apache.velocity.runtime.directive.Macro
2021-05-07 04:17:36,939 - Loaded System Directive: org.apache.velocity.runtime.directive.Parse
2021-05-07 04:17:36,939 - Loaded System Directive: org.apache.velocity.runtime.directive.Include
2021-05-07 04:17:36,939 - Loaded System Directive: org.apache.velocity.runtime.directive.Foreach
2021-05-07 04:17:36,939 - Created '20' parsers.
2021-05-07 04:17:36,940 - Velocimacro : "velocimacro.library" is not set.  Trying default library: VM_global_library.vm
2021-05-07 04:17:36,940 - Could not load resource 'VM_global_library.vm' from ResourceLoader org.apache.velocity.runtime.resource.loader.ClasspathResourceLoader: ClasspathResourceLoader Error: cannot find resource VM_global_library.vm
2021-05-07 04:17:36,940 - Velocimacro : Default library not found.
2021-05-07 04:17:36,940 - Velocimacro : allowInline = true : VMs can be defined inline in templates
2021-05-07 04:17:36,940 - Velocimacro : allowInlineToOverride = false : VMs defined inline may NOT replace previous VM definitions
2021-05-07 04:17:36,940 - Velocimacro : allowInlineLocal = false : VMs defined inline will be global in scope if allowed.
2021-05-07 04:17:36,940 - Velocimacro : autoload off : VM system will not automatically reload global library macros
2021-05-07 04:17:36,941 - ResourceManager : found templates/generators/tagReport.vm with loader org.apache.velocity.runtime.resource.loader.ClasspathResourceLoader
2021-05-07 04:17:36,942 - ResourceManager : found /templates/headers.vm with loader org.apache.velocity.runtime.resource.loader.ClasspathResourceLoader
2021-05-07 04:17:36,943 - ResourceManager : found /templates/head.html with loader org.apache.velocity.runtime.resource.loader.ClasspathResourceLoader
2021-05-07 04:17:36,943 - Velocimacro : added VM includeTitle: source=/templates/macros/page/title.vm
2021-05-07 04:17:36,943 - ResourceManager : found /templates/macros/page/title.vm with loader org.apache.velocity.runtime.resource.loader.ClasspathResourceLoader
2021-05-07 04:17:36,943 - Velocimacro : added VM includeNavigation: source=/templates/macros/page/navigation.vm
2021-05-07 04:17:36,943 - ResourceManager : found /templates/macros/page/navigation.vm with loader org.apache.velocity.runtime.resource.loader.ClasspathResourceLoader
2021-05-07 04:17:36,944 - Velocimacro : added VM includeBuildInfo: source=/templates/macros/page/buildinfo.vm
2021-05-07 04:17:36,944 - ResourceManager : found /templates/macros/page/buildinfo.vm with loader org.apache.velocity.runtime.resource.loader.ClasspathResourceLoader
2021-05-07 04:17:36,944 - Velocimacro : added VM includeLead: source=/templates/macros/page/lead.vm
2021-05-07 04:17:36,944 - ResourceManager : found /templates/macros/page/lead.vm with loader org.apache.velocity.runtime.resource.loader.ClasspathResourceLoader
2021-05-07 04:17:36,945 - Velocimacro : added VM includeStatsTable: source=/templates/macros/report/statsTable.vm
2021-05-07 04:17:36,945 - ResourceManager : found /templates/macros/report/statsTable.vm with loader org.apache.velocity.runtime.resource.loader.ClasspathResourceLoader
2021-05-07 04:17:36,946 - Velocimacro : added VM includeReportTable: source=/templates/macros/report/reportTable.vm
2021-05-07 04:17:36,946 - ResourceManager : found /templates/macros/report/reportTable.vm with loader org.apache.velocity.runtime.resource.loader.ClasspathResourceLoader
2021-05-07 04:17:36,946 - Velocimacro : added VM includeReportHeader: source=/templates/macros/report/reportHeader.vm
2021-05-07 04:17:36,946 - ResourceManager : found /templates/macros/report/reportHeader.vm with loader org.apache.velocity.runtime.resource.loader.ClasspathResourceLoader
2021-05-07 04:17:36,947 - Velocimacro : added VM includeElements: source=/templates/macros/report/elements.vm
2021-05-07 04:17:36,947 - ResourceManager : found /templates/macros/report/elements.vm with loader org.apache.velocity.runtime.resource.loader.ClasspathResourceLoader
2021-05-07 04:17:36,948 - Velocimacro : added VM includeBrief: source=/templates/macros/report/brief.vm
2021-05-07 04:17:36,948 - ResourceManager : found /templates/macros/report/brief.vm with loader org.apache.velocity.runtime.resource.loader.ClasspathResourceLoader
2021-05-07 04:17:36,949 - Velocimacro : added VM includeTags: source=/templates/macros/report/tags.vm
2021-05-07 04:17:36,949 - ResourceManager : found /templates/macros/report/tags.vm with loader org.apache.velocity.runtime.resource.loader.ClasspathResourceLoader
2021-05-07 04:17:36,950 - Velocimacro : added VM includeEmbeddings: source=/templates/macros/report/embeddings.vm
2021-05-07 04:17:36,950 - Velocimacro : added VM includeImageEmbedding: source=/templates/macros/report/embeddings.vm
2021-05-07 04:17:36,950 - Velocimacro : added VM includeMonochromeTextEmbedding: source=/templates/macros/report/embeddings.vm
2021-05-07 04:17:36,950 - Velocimacro : added VM includePlainTextEmbedding: source=/templates/macros/report/embeddings.vm
2021-05-07 04:17:36,951 - Velocimacro : added VM includeUnknownEmbedding: source=/templates/macros/report/embeddings.vm
2021-05-07 04:17:36,951 - Velocimacro : added VM includeExpandableEmbedding: source=/templates/macros/report/embeddings.vm
2021-05-07 04:17:36,951 - ResourceManager : found /templates/macros/report/embeddings.vm with loader org.apache.velocity.runtime.resource.loader.ClasspathResourceLoader
2021-05-07 04:17:36,952 - Velocimacro : added VM includeHooks: source=/templates/macros/report/hooks.vm
2021-05-07 04:17:36,952 - ResourceManager : found /templates/macros/report/hooks.vm with loader org.apache.velocity.runtime.resource.loader.ClasspathResourceLoader
2021-05-07 04:17:36,953 - Velocimacro : added VM includeDuration: source=/templates/macros/report/duration.vm
2021-05-07 04:17:36,953 - ResourceManager : found /templates/macros/report/duration.vm with loader org.apache.velocity.runtime.resource.loader.ClasspathResourceLoader
2021-05-07 04:17:36,954 - Velocimacro : added VM includeMessage: source=/templates/macros/report/message.vm
2021-05-07 04:17:36,954 - ResourceManager : found /templates/macros/report/message.vm with loader org.apache.velocity.runtime.resource.loader.ClasspathResourceLoader
2021-05-07 04:17:36,954 - VM #includeNavigation: too few arguments to macro. Wanted 1 got 0
2021-05-07 04:17:36,954 - Left side ($active_tab) of '==' operation has null value. If it is a reference, it may not be in the context or its toString() returned null. /templates/macros/page/navigation.vm[line 14, column 51]
2021-05-07 04:17:36,954 - Left side ($active_tab) of '==' operation has null value. If it is a reference, it may not be in the context or its toString() returned null. /templates/macros/page/navigation.vm[line 15, column 51]
2021-05-07 04:17:36,954 - Left side ($active_tab) of '==' operation has null value. If it is a reference, it may not be in the context or its toString() returned null. /templates/macros/page/navigation.vm[line 16, column 51]
2021-05-07 04:17:36,954 - VM #includeLead: too few arguments to macro. Wanted 2 got 1
2021-05-07 04:17:36,955 - VM #includeBrief: too few arguments to macro. Wanted 5 got 4
2021-05-07 04:17:36,955 - VM #includeBrief: too few arguments to macro. Wanted 5 got 4
2021-05-07 04:17:36,956 - VM #includeBrief: too few arguments to macro. Wanted 5 got 4
2021-05-07 04:17:36,957 - VM #includeBrief: too few arguments to macro. Wanted 5 got 4
2021-05-07 04:17:36,958 - VM #includeBrief: too few arguments to macro. Wanted 5 got 4
2021-05-07 04:17:36,958 - VM #includeBrief: too few arguments to macro. Wanted 5 got 4
2021-05-07 04:17:36,958 - VM #includeBrief: too few arguments to macro. Wanted 5 got 4
2021-05-07 04:17:36,959 - VM #includeBrief: too few arguments to macro. Wanted 5 got 4
2021-05-07 04:17:36,960 - VM #includeBrief: too few arguments to macro. Wanted 5 got 4
2021-05-07 04:17:36,960 - VM #includeBrief: too few arguments to macro. Wanted 5 got 4
2021-05-07 04:17:36,961 - VM #includeBrief: too few arguments to macro. Wanted 5 got 4
2021-05-07 04:17:36,962 - VM #includeBrief: too few arguments to macro. Wanted 5 got 4
2021-05-07 04:17:36,963 - VM #includeBrief: too few arguments to macro. Wanted 5 got 4
2021-05-07 04:17:36,963 - VM #includeBrief: too few arguments to macro. Wanted 5 got 4
2021-05-07 04:17:36,963 - VM #includeBrief: too few arguments to macro. Wanted 5 got 4
2021-05-07 04:17:36,964 - VM #includeBrief: too few arguments to macro. Wanted 5 got 4
2021-05-07 04:17:36,964 - VM #includeBrief: too few arguments to macro. Wanted 5 got 4
2021-05-07 04:17:36,965 - VM #includeBrief: too few arguments to macro. Wanted 5 got 4
2021-05-07 04:17:36,965 - VM #includeBrief: too few arguments to macro. Wanted 5 got 4
2021-05-07 04:17:36,966 - VM #includeBrief: too few arguments to macro. Wanted 5 got 4
2021-05-07 04:17:36,966 - ResourceManager : found /templates/footer.html with loader org.apache.velocity.runtime.resource.loader.ClasspathResourceLoader
2021-05-07 04:17:36,968 - Log4JLogChute initialized using file '.\Reports\GeneratdReports\Sandbox\2021-05-07\velocity.log'
2021-05-07 04:17:36,968 - Initializing Velocity, Calling init()...
2021-05-07 04:17:36,968 - Starting Apache Velocity v1.7 (compiled: 2010-11-19 12:14:37)
2021-05-07 04:17:36,968 - Default Properties File: org\apache\velocity\runtime\defaults\velocity.properties
2021-05-07 04:17:36,969 - Trying to use logger class org.apache.velocity.runtime.log.AvalonLogChute
2021-05-07 04:17:36,969 - Target log system for org.apache.velocity.runtime.log.AvalonLogChute is not available (java.lang.NoClassDefFoundError: org/apache/log/format/Formatter).  Falling back to next log system...
2021-05-07 04:17:36,969 - Trying to use logger class org.apache.velocity.runtime.log.Log4JLogChute
2021-05-07 04:17:36,969 - Using logger class org.apache.velocity.runtime.log.Log4JLogChute
2021-05-07 04:17:36,969 - ResourceLoader instantiated: org.apache.velocity.runtime.resource.loader.ClasspathResourceLoader
2021-05-07 04:17:36,969 - ResourceCache: initialized (class org.apache.velocity.runtime.resource.ResourceCacheImpl) with class java.util.Collections$SynchronizedMap cache map.
2021-05-07 04:17:36,969 - Loaded System Directive: org.apache.velocity.runtime.directive.Stop
2021-05-07 04:17:36,969 - Loaded System Directive: org.apache.velocity.runtime.directive.Define
2021-05-07 04:17:36,970 - Loaded System Directive: org.apache.velocity.runtime.directive.Break
2021-05-07 04:17:36,970 - Loaded System Directive: org.apache.velocity.runtime.directive.Evaluate
2021-05-07 04:17:36,970 - Loaded System Directive: org.apache.velocity.runtime.directive.Literal
2021-05-07 04:17:36,970 - Loaded System Directive: org.apache.velocity.runtime.directive.Macro
2021-05-07 04:17:36,970 - Loaded System Directive: org.apache.velocity.runtime.directive.Parse
2021-05-07 04:17:36,970 - Loaded System Directive: org.apache.velocity.runtime.directive.Include
2021-05-07 04:17:36,970 - Loaded System Directive: org.apache.velocity.runtime.directive.Foreach
2021-05-07 04:17:36,970 - Created '20' parsers.
2021-05-07 04:17:36,971 - Velocimacro : "velocimacro.library" is not set.  Trying default library: VM_global_library.vm
2021-05-07 04:17:36,971 - Could not load resource 'VM_global_library.vm' from ResourceLoader org.apache.velocity.runtime.resource.loader.ClasspathResourceLoader: ClasspathResourceLoader Error: cannot find resource VM_global_library.vm
2021-05-07 04:17:36,971 - Velocimacro : Default library not found.
2021-05-07 04:17:36,971 - Velocimacro : allowInline = true : VMs can be defined inline in templates
2021-05-07 04:17:36,971 - Velocimacro : allowInlineToOverride = false : VMs defined inline may NOT replace previous VM definitions
2021-05-07 04:17:36,971 - Velocimacro : allowInlineLocal = false : VMs defined inline will be global in scope if allowed.
2021-05-07 04:17:36,971 - Velocimacro : autoload off : VM system will not automatically reload global library macros
2021-05-07 04:17:36,972 - ResourceManager : found templates/generators/stepsOverview.vm with loader org.apache.velocity.runtime.resource.loader.ClasspathResourceLoader
2021-05-07 04:17:36,973 - ResourceManager : found /templates/headers.vm with loader org.apache.velocity.runtime.resource.loader.ClasspathResourceLoader
2021-05-07 04:17:36,973 - ResourceManager : found /templates/head.html with loader org.apache.velocity.runtime.resource.loader.ClasspathResourceLoader
2021-05-07 04:17:36,974 - Velocimacro : added VM includeTitle: source=/templates/macros/page/title.vm
2021-05-07 04:17:36,974 - ResourceManager : found /templates/macros/page/title.vm with loader org.apache.velocity.runtime.resource.loader.ClasspathResourceLoader
2021-05-07 04:17:36,974 - Velocimacro : added VM includeNavigation: source=/templates/macros/page/navigation.vm
2021-05-07 04:17:36,974 - ResourceManager : found /templates/macros/page/navigation.vm with loader org.apache.velocity.runtime.resource.loader.ClasspathResourceLoader
2021-05-07 04:17:36,975 - Velocimacro : added VM includeBuildInfo: source=/templates/macros/page/buildinfo.vm
2021-05-07 04:17:36,975 - ResourceManager : found /templates/macros/page/buildinfo.vm with loader org.apache.velocity.runtime.resource.loader.ClasspathResourceLoader
2021-05-07 04:17:36,975 - Velocimacro : added VM includeLead: source=/templates/macros/page/lead.vm
2021-05-07 04:17:36,975 - ResourceManager : found /templates/macros/page/lead.vm with loader org.apache.velocity.runtime.resource.loader.ClasspathResourceLoader
2021-05-07 04:17:36,976 - Velocimacro : added VM includeStatsTable: source=/templates/macros/report/statsTable.vm
2021-05-07 04:17:36,976 - ResourceManager : found /templates/macros/report/statsTable.vm with loader org.apache.velocity.runtime.resource.loader.ClasspathResourceLoader
2021-05-07 04:17:36,977 - Velocimacro : added VM includeReportTable: source=/templates/macros/report/reportTable.vm
2021-05-07 04:17:36,977 - ResourceManager : found /templates/macros/report/reportTable.vm with loader org.apache.velocity.runtime.resource.loader.ClasspathResourceLoader
2021-05-07 04:17:36,977 - Velocimacro : added VM includeReportHeader: source=/templates/macros/report/reportHeader.vm
2021-05-07 04:17:36,977 - ResourceManager : found /templates/macros/report/reportHeader.vm with loader org.apache.velocity.runtime.resource.loader.ClasspathResourceLoader
2021-05-07 04:17:36,978 - Velocimacro : added VM includeElements: source=/templates/macros/report/elements.vm
2021-05-07 04:17:36,978 - ResourceManager : found /templates/macros/report/elements.vm with loader org.apache.velocity.runtime.resource.loader.ClasspathResourceLoader
2021-05-07 04:17:36,979 - Velocimacro : added VM includeBrief: source=/templates/macros/report/brief.vm
2021-05-07 04:17:36,979 - ResourceManager : found /templates/macros/report/brief.vm with loader org.apache.velocity.runtime.resource.loader.ClasspathResourceLoader
2021-05-07 04:17:36,979 - Velocimacro : added VM includeTags: source=/templates/macros/report/tags.vm
2021-05-07 04:17:36,979 - ResourceManager : found /templates/macros/report/tags.vm with loader org.apache.velocity.runtime.resource.loader.ClasspathResourceLoader
2021-05-07 04:17:36,980 - Velocimacro : added VM includeEmbeddings: source=/templates/macros/report/embeddings.vm
2021-05-07 04:17:36,980 - Velocimacro : added VM includeImageEmbedding: source=/templates/macros/report/embeddings.vm
2021-05-07 04:17:36,980 - Velocimacro : added VM includeMonochromeTextEmbedding: source=/templates/macros/report/embeddings.vm
2021-05-07 04:17:36,980 - Velocimacro : added VM includePlainTextEmbedding: source=/templates/macros/report/embeddings.vm
2021-05-07 04:17:36,981 - Velocimacro : added VM includeUnknownEmbedding: source=/templates/macros/report/embeddings.vm
2021-05-07 04:17:36,981 - Velocimacro : added VM includeExpandableEmbedding: source=/templates/macros/report/embeddings.vm
2021-05-07 04:17:36,981 - ResourceManager : found /templates/macros/report/embeddings.vm with loader org.apache.velocity.runtime.resource.loader.ClasspathResourceLoader
2021-05-07 04:17:36,981 - Velocimacro : added VM includeHooks: source=/templates/macros/report/hooks.vm
2021-05-07 04:17:36,981 - ResourceManager : found /templates/macros/report/hooks.vm with loader org.apache.velocity.runtime.resource.loader.ClasspathResourceLoader
2021-05-07 04:17:36,983 - Velocimacro : added VM includeDuration: source=/templates/macros/report/duration.vm
2021-05-07 04:17:36,983 - ResourceManager : found /templates/macros/report/duration.vm with loader org.apache.velocity.runtime.resource.loader.ClasspathResourceLoader
2021-05-07 04:17:36,984 - Velocimacro : added VM includeMessage: source=/templates/macros/report/message.vm
2021-05-07 04:17:36,984 - ResourceManager : found /templates/macros/report/message.vm with loader org.apache.velocity.runtime.resource.loader.ClasspathResourceLoader
2021-05-07 04:17:36,985 - ResourceManager : found /templates/footer.html with loader org.apache.velocity.runtime.resource.loader.ClasspathResourceLoader
 includeTitle: source=/templates/macros/page/title.vm
2021-05-07 04:17:36,943 - Velocimacro : added VM includeTitle: source=/templates/macros/page/title.vm
2021-05-07 04:17:36,943 - Velocimacro : added VM includeTitle: source=/templates/macros/page/title.vm
2021-05-07 04:17:36,943 - ResourceManager : found /templates/macros/page/title.vm with loader org.apache.velocity.runtime.resource.loader.ClasspathResourceLoader
2021-05-07 04:17:36,943 - ResourceManager : found /templates/macros/page/title.vm with loader org.apache.velocity.runtime.resource.loader.ClasspathResourceLoader
2021-05-07 04:17:36,943 - ResourceManager : found /templates/macros/page/title.vm with loader org.apache.velocity.runtime.resource.loader.ClasspathResourceLoader
2021-05-07 04:17:36,943 - Velocimacro : added VM includeNavigation: source=/templates/macros/page/navigation.vm
2021-05-07 04:17:36,943 - Velocimacro : added VM includeNavigation: source=/templates/macros/page/navigation.vm
2021-05-07 04:17:36,943 - Velocimacro : added VM includeNavigation: source=/templates/macros/page/navigation.vm
2021-05-07 04:17:36,943 - ResourceManager : found /templates/macros/page/navigation.vm with loader org.apache.velocity.runtime.resource.loader.ClasspathResourceLoader
2021-05-07 04:17:36,943 - ResourceManager : found /templates/macros/page/navigation.vm with loader org.apache.velocity.runtime.resource.loader.ClasspathResourceLoader
2021-05-07 04:17:36,943 - ResourceManager : found /templates/macros/page/navigation.vm with loader org.apache.velocity.runtime.resource.loader.ClasspathResourceLoader
2021-05-07 04:17:36,944 - Velocimacro : added VM includeBuildInfo: source=/templates/macros/page/buildinfo.vm
2021-05-07 04:17:36,944 - Velocimacro : added VM includeBuildInfo: source=/templates/macros/page/buildinfo.vm
2021-05-07 04:17:36,944 - Velocimacro : added VM includeBuildInfo: source=/templates/macros/page/buildinfo.vm
2021-05-07 04:17:36,944 - ResourceManager : found /templates/macros/page/buildinfo.vm with loader org.apache.velocity.runtime.resource.loader.ClasspathResourceLoader
2021-05-07 04:17:36,944 - ResourceManager : found /templates/macros/page/buildinfo.vm with loader org.apache.velocity.runtime.resource.loader.ClasspathResourceLoader
2021-05-07 04:17:36,944 - ResourceManager : found /templates/macros/page/buildinfo.vm with loader org.apache.velocity.runtime.resource.loader.ClasspathResourceLoader
2021-05-07 04:17:36,944 - Velocimacro : added VM includeLead: source=/templates/macros/page/lead.vm
2021-05-07 04:17:36,944 - Velocimacro : added VM includeLead: source=/templates/macros/page/lead.vm
2021-05-07 04:17:36,944 - Velocimacro : added VM includeLead: source=/templates/macros/page/lead.vm
2021-05-07 04:17:36,944 - ResourceManager : found /templates/macros/page/lead.vm with loader org.apache.velocity.runtime.resource.loader.ClasspathResourceLoader
2021-05-07 04:17:36,944 - ResourceManager : found /templates/macros/page/lead.vm with loader org.apache.velocity.runtime.resource.loader.ClasspathResourceLoader
2021-05-07 04:17:36,944 - ResourceManager : found /templates/macros/page/lead.vm with loader org.apache.velocity.runtime.resource.loader.ClasspathResourceLoader
2021-05-07 04:17:36,945 - Velocimacro : added VM includeStatsTable: source=/templates/macros/report/statsTable.vm
2021-05-07 04:17:36,945 - Velocimacro : added VM includeStatsTable: source=/templates/macros/report/statsTable.vm
2021-05-07 04:17:36,945 - Velocimacro : added VM includeStatsTable: source=/templates/macros/report/statsTable.vm
2021-05-07 04:17:36,945 - ResourceManager : found /templates/macros/report/statsTable.vm with loader org.apache.velocity.runtime.resource.loader.ClasspathResourceLoader
2021-05-07 04:17:36,945 - ResourceManager : found /templates/macros/report/statsTable.vm with loader org.apache.velocity.runtime.resource.loader.ClasspathResourceLoader
2021-05-07 04:17:36,945 - ResourceManager : found /templates/macros/report/statsTable.vm with loader org.apache.velocity.runtime.resource.loader.ClasspathResourceLoader
2021-05-07 04:17:36,946 - Velocimacro : added VM includeReportTable: source=/templates/macros/report/reportTable.vm
2021-05-07 04:17:36,946 - Velocimacro : added VM includeReportTable: source=/templates/macros/report/reportTable.vm
2021-05-07 04:17:36,946 - Velocimacro : added VM includeReportTable: source=/templates/macros/report/reportTable.vm
2021-05-07 04:17:36,946 - ResourceManager : found /templates/macros/report/reportTable.vm with loader org.apache.velocity.runtime.resource.loader.ClasspathResourceLoader
2021-05-07 04:17:36,946 - ResourceManager : found /templates/macros/report/reportTable.vm with loader org.apache.velocity.runtime.resource.loader.ClasspathResourceLoader
2021-05-07 04:17:36,946 - ResourceManager : found /templates/macros/report/reportTable.vm with loader org.apache.velocity.runtime.resource.loader.ClasspathResourceLoader
2021-05-07 04:17:36,946 - Velocimacro : added VM includeReportHeader: source=/templates/macros/report/reportHeader.vm
2021-05-07 04:17:36,946 - Velocimacro : added VM includeReportHeader: source=/templates/macros/report/reportHeader.vm
2021-05-07 04:17:36,946 - Velocimacro : added VM includeReportHeader: source=/templates/macros/report/reportHeader.vm
2021-05-07 04:17:36,946 - ResourceManager : found /templates/macros/report/reportHeader.vm with loader org.apache.velocity.runtime.resource.loader.ClasspathResourceLoader
2021-05-07 04:17:36,946 - ResourceManager : found /templates/macros/report/reportHeader.vm with loader org.apache.velocity.runtime.resource.loader.ClasspathResourceLoader
2021-05-07 04:17:36,946 - ResourceManager : found /templates/macros/report/reportHeader.vm with loader org.apache.velocity.runtime.resource.loader.ClasspathResourceLoader
2021-05-07 04:17:36,947 - Velocimacro : added VM includeElements: source=/templates/macros/report/elements.vm
2021-05-07 04:17:36,947 - Velocimacro : added VM includeElements: source=/templates/macros/report/elements.vm
2021-05-07 04:17:36,947 - Velocimacro : added VM includeElements: source=/templates/macros/report/elements.vm
2021-05-07 04:17:36,947 - ResourceManager : found /templates/macros/report/elements.vm with loader org.apache.velocity.runtime.resource.loader.ClasspathResourceLoader
2021-05-07 04:17:36,947 - ResourceManager : found /templates/macros/report/elements.vm with loader org.apache.velocity.runtime.resource.loader.ClasspathResourceLoader
2021-05-07 04:17:36,947 - ResourceManager : found /templates/macros/report/elements.vm with loader org.apache.velocity.runtime.resource.loader.ClasspathResourceLoader
2021-05-07 04:17:36,948 - Velocimacro : added VM includeBrief: source=/templates/macros/report/brief.vm
2021-05-07 04:17:36,948 - Velocimacro : added VM includeBrief: source=/templates/macros/report/brief.vm
2021-05-07 04:17:36,948 - Velocimacro : added VM includeBrief: source=/templates/macros/report/brief.vm
2021-05-07 04:17:36,948 - ResourceManager : found /templates/macros/report/brief.vm with loader org.apache.velocity.runtime.resource.loader.ClasspathResourceLoader
2021-05-07 04:17:36,948 - ResourceManager : found /templates/macros/report/brief.vm with loader org.apache.velocity.runtime.resource.loader.ClasspathResourceLoader
2021-05-07 04:17:36,948 - ResourceManager : found /templates/macros/report/brief.vm with loader org.apache.velocity.runtime.resource.loader.ClasspathResourceLoader
2021-05-07 04:17:36,949 - Velocimacro : added VM includeTags: source=/templates/macros/report/tags.vm
2021-05-07 04:17:36,949 - Velocimacro : added VM includeTags: source=/templates/macros/report/tags.vm
2021-05-07 04:17:36,949 - Velocimacro : added VM includeTags: source=/templates/macros/report/tags.vm
2021-05-07 04:17:36,949 - ResourceManager : found /templates/macros/report/tags.vm with loader org.apache.velocity.runtime.resource.loader.ClasspathResourceLoader
2021-05-07 04:17:36,949 - ResourceManager : found /templates/macros/report/tags.vm with loader org.apache.velocity.runtime.resource.loader.ClasspathResourceLoader
2021-05-07 04:17:36,949 - ResourceManager : found /templates/macros/report/tags.vm with loader org.apache.velocity.runtime.resource.loader.ClasspathResourceLoader
2021-05-07 04:17:36,950 - Velocimacro : added VM includeEmbeddings: source=/templates/macros/report/embeddings.vm
2021-05-07 04:17:36,950 - Velocimacro : added VM includeEmbeddings: source=/templates/macros/report/embeddings.vm
2021-05-07 04:17:36,950 - Velocimacro : added VM includeEmbeddings: source=/templates/macros/report/embeddings.vm
2021-05-07 04:17:36,950 - Velocimacro : added VM includeImageEmbedding: source=/templates/macros/report/embeddings.vm
2021-05-07 04:17:36,950 - Velocimacro : added VM includeImageEmbedding: source=/templates/macros/report/embeddings.vm
2021-05-07 04:17:36,950 - Velocimacro : added VM includeImageEmbedding: source=/templates/macros/report/embeddings.vm
2021-05-07 04:17:36,950 - Velocimacro : added VM includeMonochromeTextEmbedding: source=/templates/macros/report/embeddings.vm
2021-05-07 04:17:36,950 - Velocimacro : added VM includeMonochromeTextEmbedding: source=/templates/macros/report/embeddings.vm
2021-05-07 04:17:36,950 - Velocimacro : added VM includeMonochromeTextEmbedding: source=/templates/macros/report/embeddings.vm
2021-05-07 04:17:36,950 - Velocimacro : added VM includePlainTextEmbedding: source=/templates/macros/report/embeddings.vm
2021-05-07 04:17:36,950 - Velocimacro : added VM includePlainTextEmbedding: source=/templates/macros/report/embeddings.vm
2021-05-07 04:17:36,950 - Velocimacro : added VM includePlainTextEmbedding: source=/templates/macros/report/embeddings.vm
2021-05-07 04:17:36,951 - Velocimacro : added VM includeUnknownEmbedding: source=/templates/macros/report/embeddings.vm
2021-05-07 04:17:36,951 - Velocimacro : added VM includeUnknownEmbedding: source=/templates/macros/report/embeddings.vm
2021-05-07 04:17:36,951 - Velocimacro : added VM includeUnknownEmbedding: source=/templates/macros/report/embeddings.vm
2021-05-07 04:17:36,951 - Velocimacro : added VM includeExpandableEmbedding: source=/templates/macros/report/embeddings.vm
2021-05-07 04:17:36,951 - Velocimacro : added VM includeExpandableEmbedding: source=/templates/macros/report/embeddings.vm
2021-05-07 04:17:36,951 - Velocimacro : added VM includeExpandableEmbedding: source=/templates/macros/report/embeddings.vm
2021-05-07 04:17:36,951 - ResourceManager : found /templates/macros/report/embeddings.vm with loader org.apache.velocity.runtime.resource.loader.ClasspathResourceLoader
2021-05-07 04:17:36,951 - ResourceManager : found /templates/macros/report/embeddings.vm with loader org.apache.velocity.runtime.resource.loader.ClasspathResourceLoader
2021-05-07 04:17:36,951 - ResourceManager : found /templates/macros/report/embeddings.vm with loader org.apache.velocity.runtime.resource.loader.ClasspathResourceLoader
2021-05-07 04:17:36,952 - Velocimacro : added VM includeHooks: source=/templates/macros/report/hooks.vm
2021-05-07 04:17:36,952 - Velocimacro : added VM includeHooks: source=/templates/macros/report/hooks.vm
2021-05-07 04:17:36,952 - Velocimacro : added VM includeHooks: source=/templates/macros/report/hooks.vm
2021-05-07 04:17:36,952 - ResourceManager : found /templates/macros/report/hooks.vm with loader org.apache.velocity.runtime.resource.loader.ClasspathResourceLoader
2021-05-07 04:17:36,952 - ResourceManager : found /templates/macros/report/hooks.vm with loader org.apache.velocity.runtime.resource.loader.ClasspathResourceLoader
2021-05-07 04:17:36,952 - ResourceManager : found /templates/macros/report/hooks.vm with loader org.apache.velocity.runtime.resource.loader.ClasspathResourceLoader
2021-05-07 04:17:36,953 - Velocimacro : added VM includeDuration: source=/templates/macros/report/duration.vm
2021-05-07 04:17:36,953 - Velocimacro : added VM includeDuration: source=/templates/macros/report/duration.vm
2021-05-07 04:17:36,953 - Velocimacro : added VM includeDuration: source=/templates/macros/report/duration.vm
2021-05-07 04:17:36,953 - ResourceManager : found /templates/macros/report/duration.vm with loader org.apache.velocity.runtime.resource.loader.ClasspathResourceLoader
2021-05-07 04:17:36,953 - ResourceManager : found /templates/macros/report/duration.vm with loader org.apache.velocity.runtime.resource.loader.ClasspathResourceLoader
2021-05-07 04:17:36,953 - ResourceManager : found /templates/macros/report/duration.vm with loader org.apache.velocity.runtime.resource.loader.ClasspathResourceLoader
2021-05-07 04:17:36,954 - Velocimacro : added VM includeMessage: source=/templates/macros/report/message.vm
2021-05-07 04:17:36,954 - Velocimacro : added VM includeMessage: source=/templates/macros/report/message.vm
2021-05-07 04:17:36,954 - Velocimacro : added VM includeMessage: source=/templates/macros/report/message.vm
2021-05-07 04:17:36,954 - ResourceManager : found /templates/macros/report/message.vm with loader org.apache.velocity.runtime.resource.loader.ClasspathResourceLoader
2021-05-07 04:17:36,954 - ResourceManager : found /templates/macros/report/message.vm with loader org.apache.velocity.runtime.resource.loader.ClasspathResourceLoader
2021-05-07 04:17:36,954 - ResourceManager : found /templates/macros/report/message.vm with loader org.apache.velocity.runtime.resource.loader.ClasspathResourceLoader
2021-05-07 04:17:36,954 - VM #includeNavigation: too few arguments to macro. Wanted 1 got 0
2021-05-07 04:17:36,954 - VM #includeNavigation: too few arguments to macro. Wanted 1 got 0
2021-05-07 04:17:36,954 - VM #includeNavigation: too few arguments to macro. Wanted 1 got 0
2021-05-07 04:17:36,954 - Left side ($active_tab) of '==' operation has null value. If it is a reference, it may not be in the context or its toString() returned null. /templates/macros/page/navigation.vm[line 14, column 51]
2021-05-07 04:17:36,954 - Left side ($active_tab) of '==' operation has null value. If it is a reference, it may not be in the context or its toString() returned null. /templates/macros/page/navigation.vm[line 14, column 51]
2021-05-07 04:17:36,954 - Left side ($active_tab) of '==' operation has null value. If it is a reference, it may not be in the context or its toString() returned null. /templates/macros/page/navigation.vm[line 14, column 51]
2021-05-07 04:17:36,954 - Left side ($active_tab) of '==' operation has null value. If it is a reference, it may not be in the context or its toString() returned null. /templates/macros/page/navigation.vm[line 15, column 51]
2021-05-07 04:17:36,954 - Left side ($active_tab) of '==' operation has null value. If it is a reference, it may not be in the context or its toString() returned null. /templates/macros/page/navigation.vm[line 15, column 51]
2021-05-07 04:17:36,954 - Left side ($active_tab) of '==' operation has null value. If it is a reference, it may not be in the context or its toString() returned null. /templates/macros/page/navigation.vm[line 15, column 51]
2021-05-07 04:17:36,954 - Left side ($active_tab) of '==' operation has null value. If it is a reference, it may not be in the context or its toString() returned null. /templates/macros/page/navigation.vm[line 16, column 51]
2021-05-07 04:17:36,954 - Left side ($active_tab) of '==' operation has null value. If it is a reference, it may not be in the context or its toString() returned null. /templates/macros/page/navigation.vm[line 16, column 51]
2021-05-07 04:17:36,954 - Left side ($active_tab) of '==' operation has null value. If it is a reference, it may not be in the context or its toString() returned null. /templates/macros/page/navigation.vm[line 16, column 51]
2021-05-07 04:17:36,954 - VM #includeLead: too few arguments to macro. Wanted 2 got 1
2021-05-07 04:17:36,954 - VM #includeLead: too few arguments to macro. Wanted 2 got 1
2021-05-07 04:17:36,954 - VM #includeLead: too few arguments to macro. Wanted 2 got 1
2021-05-07 04:17:36,955 - VM #includeBrief: too few arguments to macro. Wanted 5 got 4
2021-05-07 04:17:36,955 - VM #includeBrief: too few arguments to macro. Wanted 5 got 4
2021-05-07 04:17:36,955 - VM #includeBrief: too few arguments to macro. Wanted 5 got 4
2021-05-07 04:17:36,955 - VM #includeBrief: too few arguments to macro. Wanted 5 got 4
2021-05-07 04:17:36,955 - VM #includeBrief: too few arguments to macro. Wanted 5 got 4
2021-05-07 04:17:36,955 - VM #includeBrief: too few arguments to macro. Wanted 5 got 4
2021-05-07 04:17:36,956 - VM #includeBrief: too few arguments to macro. Wanted 5 got 4
2021-05-07 04:17:36,956 - VM #includeBrief: too few arguments to macro. Wanted 5 got 4
2021-05-07 04:17:36,956 - VM #includeBrief: too few arguments to macro. Wanted 5 got 4
2021-05-07 04:17:36,957 - VM #includeBrief: too few arguments to macro. Wanted 5 got 4
2021-05-07 04:17:36,957 - VM #includeBrief: too few arguments to macro. Wanted 5 got 4
2021-05-07 04:17:36,957 - VM #includeBrief: too few arguments to macro. Wanted 5 got 4
2021-05-07 04:17:36,958 - VM #includeBrief: too few arguments to macro. Wanted 5 got 4
2021-05-07 04:17:36,958 - VM #includeBrief: too few arguments to macro. Wanted 5 got 4
2021-05-07 04:17:36,958 - VM #includeBrief: too few arguments to macro. Wanted 5 got 4
2021-05-07 04:17:36,958 - VM #includeBrief: too few arguments to macro. Wanted 5 got 4
2021-05-07 04:17:36,958 - VM #includeBrief: too few arguments to macro. Wanted 5 got 4
2021-05-07 04:17:36,958 - VM #includeBrief: too few arguments to macro. Wanted 5 got 4
2021-05-07 04:17:36,958 - VM #includeBrief: too few arguments to macro. Wanted 5 got 4
2021-05-07 04:17:36,958 - VM #includeBrief: too few arguments to macro. Wanted 5 got 4
2021-05-07 04:17:36,958 - VM #includeBrief: too few arguments to macro. Wanted 5 got 4
2021-05-07 04:17:36,959 - VM #includeBrief: too few arguments to macro. Wanted 5 got 4
2021-05-07 04:17:36,959 - VM #includeBrief: too few arguments to macro. Wanted 5 got 4
2021-05-07 04:17:36,959 - VM #includeBrief: too few arguments to macro. Wanted 5 got 4
2021-05-07 04:17:36,960 - VM #includeBrief: too few arguments to macro. Wanted 5 got 4
2021-05-07 04:17:36,960 - VM #includeBrief: too few arguments to macro. Wanted 5 got 4
2021-05-07 04:17:36,960 - VM #includeBrief: too few arguments to macro. Wanted 5 got 4
2021-05-07 04:17:36,960 - VM #includeBrief: too few arguments to macro. Wanted 5 got 4
2021-05-07 04:17:36,960 - VM #includeBrief: too few arguments to macro. Wanted 5 got 4
2021-05-07 04:17:36,960 - VM #includeBrief: too few arguments to macro. Wanted 5 got 4
2021-05-07 04:17:36,961 - VM #includeBrief: too few arguments to macro. Wanted 5 got 4
2021-05-07 04:17:36,961 - VM #includeBrief: too few arguments to macro. Wanted 5 got 4
2021-05-07 04:17:36,961 - VM #includeBrief: too few arguments to macro. Wanted 5 got 4
2021-05-07 04:17:36,962 - VM #includeBrief: too few arguments to macro. Wanted 5 got 4
2021-05-07 04:17:36,962 - VM #includeBrief: too few arguments to macro. Wanted 5 got 4
2021-05-07 04:17:36,962 - VM #includeBrief: too few arguments to macro. Wanted 5 got 4
2021-05-07 04:17:36,963 - VM #includeBrief: too few arguments to macro. Wanted 5 got 4
2021-05-07 04:17:36,963 - VM #includeBrief: too few arguments to macro. Wanted 5 got 4
2021-05-07 04:17:36,963 - VM #includeBrief: too few arguments to macro. Wanted 5 got 4
2021-05-07 04:17:36,963 - VM #includeBrief: too few arguments to macro. Wanted 5 got 4
2021-05-07 04:17:36,963 - VM #includeBrief: too few arguments to macro. Wanted 5 got 4
2021-05-07 04:17:36,963 - VM #includeBrief: too few arguments to macro. Wanted 5 got 4
2021-05-07 04:17:36,963 - VM #includeBrief: too few arguments to macro. Wanted 5 got 4
2021-05-07 04:17:36,963 - VM #includeBrief: too few arguments to macro. Wanted 5 got 4
2021-05-07 04:17:36,963 - VM #includeBrief: too few arguments to macro. Wanted 5 got 4
2021-05-07 04:17:36,964 - VM #includeBrief: too few arguments to macro. Wanted 5 got 4
2021-05-07 04:17:36,964 - VM #includeBrief: too few arguments to macro. Wanted 5 got 4
2021-05-07 04:17:36,964 - VM #includeBrief: too few arguments to macro. Wanted 5 got 4
2021-05-07 04:17:36,964 - VM #includeBrief: too few arguments to macro. Wanted 5 got 4
2021-05-07 04:17:36,964 - VM #includeBrief: too few arguments to macro. Wanted 5 got 4
2021-05-07 04:17:36,964 - VM #includeBrief: too few arguments to macro. Wanted 5 got 4
2021-05-07 04:17:36,965 - VM #includeBrief: too few arguments to macro. Wanted 5 got 4
2021-05-07 04:17:36,965 - VM #includeBrief: too few arguments to macro. Wanted 5 got 4
2021-05-07 04:17:36,965 - VM #includeBrief: too few arguments to macro. Wanted 5 got 4
2021-05-07 04:17:36,965 - VM #includeBrief: too few arguments to macro. Wanted 5 got 4
2021-05-07 04:17:36,965 - VM #includeBrief: too few arguments to macro. Wanted 5 got 4
2021-05-07 04:17:36,965 - VM #includeBrief: too few arguments to macro. Wanted 5 got 4
2021-05-07 04:17:36,966 - VM #includeBrief: too few arguments to macro. Wanted 5 got 4
2021-05-07 04:17:36,966 - VM #includeBrief: too few arguments to macro. Wanted 5 got 4
2021-05-07 04:17:36,966 - VM #includeBrief: too few arguments to macro. Wanted 5 got 4
2021-05-07 04:17:36,966 - ResourceManager : found /templates/footer.html with loader org.apache.velocity.runtime.resource.loader.ClasspathResourceLoader
2021-05-07 04:17:36,966 - ResourceManager : found /templates/footer.html with loader org.apache.velocity.runtime.resource.loader.ClasspathResourceLoader
2021-05-07 04:17:36,966 - ResourceManager : found /templates/footer.html with loader org.apache.velocity.runtime.resource.loader.ClasspathResourceLoader
2021-05-07 04:17:36,968 - Log4JLogChute initialized using file '.\Reports\GeneratdReports\Sandbox\2021-05-07\velocity.log'
2021-05-07 04:17:36,968 - Log4JLogChute initialized using file '.\Reports\GeneratdReports\Sandbox\2021-05-07\velocity.log'
2021-05-07 04:17:36,968 - Log4JLogChute initialized using file '.\Reports\GeneratdReports\Sandbox\2021-05-07\velocity.log'
2021-05-07 04:17:36,968 - Log4JLogChute initialized using file '.\Reports\GeneratdReports\Sandbox\2021-05-07\velocity.log'
2021-05-07 04:17:36,968 - Initializing Velocity, Calling init()...
2021-05-07 04:17:36,968 - Initializing Velocity, Calling init()...
2021-05-07 04:17:36,968 - Initializing Velocity, Calling init()...
2021-05-07 04:17:36,968 - Initializing Velocity, Calling init()...
2021-05-07 04:17:36,968 - Starting Apache Velocity v1.7 (compiled: 2010-11-19 12:14:37)
2021-05-07 04:17:36,968 - Starting Apache Velocity v1.7 (compiled: 2010-11-19 12:14:37)
2021-05-07 04:17:36,968 - Starting Apache Velocity v1.7 (compiled: 2010-11-19 12:14:37)
2021-05-07 04:17:36,968 - Starting Apache Velocity v1.7 (compiled: 2010-11-19 12:14:37)
2021-05-07 04:17:36,968 - Default Properties File: org\apache\velocity\runtime\defaults\velocity.properties
2021-05-07 04:17:36,968 - Default Properties File: org\apache\velocity\runtime\defaults\velocity.properties
2021-05-07 04:17:36,968 - Default Properties File: org\apache\velocity\runtime\defaults\velocity.properties
2021-05-07 04:17:36,968 - Default Properties File: org\apache\velocity\runtime\defaults\velocity.properties
2021-05-07 04:17:36,969 - Trying to use logger class org.apache.velocity.runtime.log.AvalonLogChute
2021-05-07 04:17:36,969 - Trying to use logger class org.apache.velocity.runtime.log.AvalonLogChute
2021-05-07 04:17:36,969 - Trying to use logger class org.apache.velocity.runtime.log.AvalonLogChute
2021-05-07 04:17:36,969 - Trying to use logger class org.apache.velocity.runtime.log.AvalonLogChute
2021-05-07 04:17:36,969 - Target log system for org.apache.velocity.runtime.log.AvalonLogChute is not available (java.lang.NoClassDefFoundError: org/apache/log/format/Formatter).  Falling back to next log system...
2021-05-07 04:17:36,969 - Target log system for org.apache.velocity.runtime.log.AvalonLogChute is not available (java.lang.NoClassDefFoundError: org/apache/log/format/Formatter).  Falling back to next log system...
2021-05-07 04:17:36,969 - Target log system for org.apache.velocity.runtime.log.AvalonLogChute is not available (java.lang.NoClassDefFoundError: org/apache/log/format/Formatter).  Falling back to next log system...
2021-05-07 04:17:36,969 - Target log system for org.apache.velocity.runtime.log.AvalonLogChute is not available (java.lang.NoClassDefFoundError: org/apache/log/format/Formatter).  Falling back to next log system...
2021-05-07 04:17:36,969 - Trying to use logger class org.apache.velocity.runtime.log.Log4JLogChute
2021-05-07 04:17:36,969 - Trying to use logger class org.apache.velocity.runtime.log.Log4JLogChute
2021-05-07 04:17:36,969 - Trying to use logger class org.apache.velocity.runtime.log.Log4JLogChute
2021-05-07 04:17:36,969 - Trying to use logger class org.apache.velocity.runtime.log.Log4JLogChute
2021-05-07 04:17:36,969 - Using logger class org.apache.velocity.runtime.log.Log4JLogChute
2021-05-07 04:17:36,969 - Using logger class org.apache.velocity.runtime.log.Log4JLogChute
2021-05-07 04:17:36,969 - Using logger class org.apache.velocity.runtime.log.Log4JLogChute
2021-05-07 04:17:36,969 - Using logger class org.apache.velocity.runtime.log.Log4JLogChute
2021-05-07 04:17:36,969 - ResourceLoader instantiated: org.apache.velocity.runtime.resource.loader.ClasspathResourceLoader
2021-05-07 04:17:36,969 - ResourceLoader instantiated: org.apache.velocity.runtime.resource.loader.ClasspathResourceLoader
2021-05-07 04:17:36,969 - ResourceLoader instantiated: org.apache.velocity.runtime.resource.loader.ClasspathResourceLoader
2021-05-07 04:17:36,969 - ResourceLoader instantiated: org.apache.velocity.runtime.resource.loader.ClasspathResourceLoader
2021-05-07 04:17:36,969 - ResourceCache: initialized (class org.apache.velocity.runtime.resource.ResourceCacheImpl) with class java.util.Collections$SynchronizedMap cache map.
2021-05-07 04:17:36,969 - ResourceCache: initialized (class org.apache.velocity.runtime.resource.ResourceCacheImpl) with class java.util.Collections$SynchronizedMap cache map.
2021-05-07 04:17:36,969 - ResourceCache: initialized (class org.apache.velocity.runtime.resource.ResourceCacheImpl) with class java.util.Collections$SynchronizedMap cache map.
2021-05-07 04:17:36,969 - ResourceCache: initialized (class org.apache.velocity.runtime.resource.ResourceCacheImpl) with class java.util.Collections$SynchronizedMap cache map.
2021-05-07 04:17:36,969 - Loaded System Directive: org.apache.velocity.runtime.directive.Stop
2021-05-07 04:17:36,969 - Loaded System Directive: org.apache.velocity.runtime.directive.Stop
2021-05-07 04:17:36,969 - Loaded System Directive: org.apache.velocity.runtime.directive.Stop
2021-05-07 04:17:36,969 - Loaded System Directive: org.apache.velocity.runtime.directive.Stop
2021-05-07 04:17:36,969 - Loaded System Directive: org.apache.velocity.runtime.directive.Define
2021-05-07 04:17:36,969 - Loaded System Directive: org.apache.velocity.runtime.directive.Define
2021-05-07 04:17:36,969 - Loaded System Directive: org.apache.velocity.runtime.directive.Define
2021-05-07 04:17:36,969 - Loaded System Directive: org.apache.velocity.runtime.directive.Define
2021-05-07 04:17:36,970 - Loaded System Directive: org.apache.velocity.runtime.directive.Break
2021-05-07 04:17:36,970 - Loaded System Directive: org.apache.velocity.runtime.directive.Break
2021-05-07 04:17:36,970 - Loaded System Directive: org.apache.velocity.runtime.directive.Break
2021-05-07 04:17:36,970 - Loaded System Directive: org.apache.velocity.runtime.directive.Break
2021-05-07 04:17:36,970 - Loaded System Directive: org.apache.velocity.runtime.directive.Evaluate
2021-05-07 04:17:36,970 - Loaded System Directive: org.apache.velocity.runtime.directive.Evaluate
2021-05-07 04:17:36,970 - Loaded System Directive: org.apache.velocity.runtime.directive.Evaluate
2021-05-07 04:17:36,970 - Loaded System Directive: org.apache.velocity.runtime.directive.Evaluate
2021-05-07 04:17:36,970 - Loaded System Directive: org.apache.velocity.runtime.directive.Literal
2021-05-07 04:17:36,970 - Loaded System Directive: org.apache.velocity.runtime.directive.Literal
2021-05-07 04:17:36,970 - Loaded System Directive: org.apache.velocity.runtime.directive.Literal
2021-05-07 04:17:36,970 - Loaded System Directive: org.apache.velocity.runtime.directive.Literal
2021-05-07 04:17:36,970 - Loaded System Directive: org.apache.velocity.runtime.directive.Macro
2021-05-07 04:17:36,970 - Loaded System Directive: org.apache.velocity.runtime.directive.Macro
2021-05-07 04:17:36,970 - Loaded System Directive: org.apache.velocity.runtime.directive.Macro
2021-05-07 04:17:36,970 - Loaded System Directive: org.apache.velocity.runtime.directive.Macro
2021-05-07 04:17:36,970 - Loaded System Directive: org.apache.velocity.runtime.directive.Parse
2021-05-07 04:17:36,970 - Loaded System Directive: org.apache.velocity.runtime.directive.Parse
2021-05-07 04:17:36,970 - Loaded System Directive: org.apache.velocity.runtime.directive.Parse
2021-05-07 04:17:36,970 - Loaded System Directive: org.apache.velocity.runtime.directive.Parse
2021-05-07 04:17:36,970 - Loaded System Directive: org.apache.velocity.runtime.directive.Include
2021-05-07 04:17:36,970 - Loaded System Directive: org.apache.velocity.runtime.directive.Include
2021-05-07 04:17:36,970 - Loaded System Directive: org.apache.velocity.runtime.directive.Include
2021-05-07 04:17:36,970 - Loaded System Directive: org.apache.velocity.runtime.directive.Include
2021-05-07 04:17:36,970 - Loaded System Directive: org.apache.velocity.runtime.directive.Foreach
2021-05-07 04:17:36,970 - Loaded System Directive: org.apache.velocity.runtime.directive.Foreach
2021-05-07 04:17:36,970 - Loaded System Directive: org.apache.velocity.runtime.directive.Foreach
2021-05-07 04:17:36,970 - Loaded System Directive: org.apache.velocity.runtime.directive.Foreach
2021-05-07 04:17:36,970 - Created '20' parsers.
2021-05-07 04:17:36,970 - Created '20' parsers.
2021-05-07 04:17:36,970 - Created '20' parsers.
2021-05-07 04:17:36,970 - Created '20' parsers.
2021-05-07 04:17:36,971 - Velocimacro : "velocimacro.library" is not set.  Trying default library: VM_global_library.vm
2021-05-07 04:17:36,971 - Velocimacro : "velocimacro.library" is not set.  Trying default library: VM_global_library.vm
2021-05-07 04:17:36,971 - Velocimacro : "velocimacro.library" is not set.  Trying default library: VM_global_library.vm
2021-05-07 04:17:36,971 - Velocimacro : "velocimacro.library" is not set.  Trying default library: VM_global_library.vm
2021-05-07 04:17:36,971 - Could not load resource 'VM_global_library.vm' from ResourceLoader org.apache.velocity.runtime.resource.loader.ClasspathResourceLoader: ClasspathResourceLoader Error: cannot find resource VM_global_library.vm
2021-05-07 04:17:36,971 - Could not load resource 'VM_global_library.vm' from ResourceLoader org.apache.velocity.runtime.resource.loader.ClasspathResourceLoader: ClasspathResourceLoader Error: cannot find resource VM_global_library.vm
2021-05-07 04:17:36,971 - Could not load resource 'VM_global_library.vm' from ResourceLoader org.apache.velocity.runtime.resource.loader.ClasspathResourceLoader: ClasspathResourceLoader Error: cannot find resource VM_global_library.vm
2021-05-07 04:17:36,971 - Could not load resource 'VM_global_library.vm' from ResourceLoader org.apache.velocity.runtime.resource.loader.ClasspathResourceLoader: ClasspathResourceLoader Error: cannot find resource VM_global_library.vm
2021-05-07 04:17:36,971 - Velocimacro : Default library not found.
2021-05-07 04:17:36,971 - Velocimacro : Default library not found.
2021-05-07 04:17:36,971 - Velocimacro : Default library not found.
2021-05-07 04:17:36,971 - Velocimacro : Default library not found.
2021-05-07 04:17:36,971 - Velocimacro : allowInline = true : VMs can be defined inline in templates
2021-05-07 04:17:36,971 - Velocimacro : allowInline = true : VMs can be defined inline in templates
2021-05-07 04:17:36,971 - Velocimacro : allowInline = true : VMs can be defined inline in templates
2021-05-07 04:17:36,971 - Velocimacro : allowInline = true : VMs can be defined inline in templates
2021-05-07 04:17:36,971 - Velocimacro : allowInlineToOverride = false : VMs defined inline may NOT replace previous VM definitions
2021-05-07 04:17:36,971 - Velocimacro : allowInlineToOverride = false : VMs defined inline may NOT replace previous VM definitions
2021-05-07 04:17:36,971 - Velocimacro : allowInlineToOverride = false : VMs defined inline may NOT replace previous VM definitions
2021-05-07 04:17:36,971 - Velocimacro : allowInlineToOverride = false : VMs defined inline may NOT replace previous VM definitions
2021-05-07 04:17:36,971 - Velocimacro : allowInlineLocal = false : VMs defined inline will be global in scope if allowed.
2021-05-07 04:17:36,971 - Velocimacro : allowInlineLocal = false : VMs defined inline will be global in scope if allowed.
2021-05-07 04:17:36,971 - Velocimacro : allowInlineLocal = false : VMs defined inline will be global in scope if allowed.
2021-05-07 04:17:36,971 - Velocimacro : allowInlineLocal = false : VMs defined inline will be global in scope if allowed.
2021-05-07 04:17:36,971 - Velocimacro : autoload off : VM system will not automatically reload global library macros
2021-05-07 04:17:36,971 - Velocimacro : autoload off : VM system will not automatically reload global library macros
2021-05-07 04:17:36,971 - Velocimacro : autoload off : VM system will not automatically reload global library macros
2021-05-07 04:17:36,971 - Velocimacro : autoload off : VM system will not automatically reload global library macros
2021-05-07 04:17:36,972 - ResourceManager : found templates/generators/stepsOverview.vm with loader org.apache.velocity.runtime.resource.loader.ClasspathResourceLoader
2021-05-07 04:17:36,972 - ResourceManager : found templates/generators/stepsOverview.vm with loader org.apache.velocity.runtime.resource.loader.ClasspathResourceLoader
2021-05-07 04:17:36,972 - ResourceManager : found templates/generators/stepsOverview.vm with loader org.apache.velocity.runtime.resource.loader.ClasspathResourceLoader
2021-05-07 04:17:36,972 - ResourceManager : found templates/generators/stepsOverview.vm with loader org.apache.velocity.runtime.resource.loader.ClasspathResourceLoader
2021-05-07 04:17:36,973 - ResourceManager : found /templates/headers.vm with loader org.apache.velocity.runtime.resource.loader.ClasspathResourceLoader
2021-05-07 04:17:36,973 - ResourceManager : found /templates/headers.vm with loader org.apache.velocity.runtime.resource.loader.ClasspathResourceLoader
2021-05-07 04:17:36,973 - ResourceManager : found /templates/headers.vm with loader org.apache.velocity.runtime.resource.loader.ClasspathResourceLoader
2021-05-07 04:17:36,973 - ResourceManager : found /templates/headers.vm with loader org.apache.velocity.runtime.resource.loader.ClasspathResourceLoader
2021-05-07 04:17:36,973 - ResourceManager : found /templates/head.html with loader org.apache.velocity.runtime.resource.loader.ClasspathResourceLoader
2021-05-07 04:17:36,973 - ResourceManager : found /templates/head.html with loader org.apache.velocity.runtime.resource.loader.ClasspathResourceLoader
2021-05-07 04:17:36,973 - ResourceManager : found /templates/head.html with loader org.apache.velocity.runtime.resource.loader.ClasspathResourceLoader
2021-05-07 04:17:36,973 - ResourceManager : found /templates/head.html with loader org.apache.velocity.runtime.resource.loader.ClasspathResourceLoader
2021-05-07 04:17:36,974 - Velocimacro : added VM includeTitle: source=/templates/macros/page/title.vm
2021-05-07 04:17:36,974 - Velocimacro : added VM includeTitle: source=/templates/macros/page/title.vm
2021-05-07 04:17:36,974 - Velocimacro : added VM includeTitle: source=/templates/macros/page/title.vm
2021-05-07 04:17:36,974 - Velocimacro : added VM includeTitle: source=/templates/macros/page/title.vm
2021-05-07 04:17:36,974 - ResourceManager : found /templates/macros/page/title.vm with loader org.apache.velocity.runtime.resource.loader.ClasspathResourceLoader
2021-05-07 04:17:36,974 - ResourceManager : found /templates/macros/page/title.vm with loader org.apache.velocity.runtime.resource.loader.ClasspathResourceLoader
2021-05-07 04:17:36,974 - ResourceManager : found /templates/macros/page/title.vm with loader org.apache.velocity.runtime.resource.loader.ClasspathResourceLoader
2021-05-07 04:17:36,974 - ResourceManager : found /templates/macros/page/title.vm with loader org.apache.velocity.runtime.resource.loader.ClasspathResourceLoader
2021-05-07 04:17:36,974 - Velocimacro : added VM includeNavigation: source=/templates/macros/page/navigation.vm
2021-05-07 04:17:36,974 - Velocimacro : added VM includeNavigation: source=/templates/macros/page/navigation.vm
2021-05-07 04:17:36,974 - Velocimacro : added VM includeNavigation: source=/templates/macros/page/navigation.vm
2021-05-07 04:17:36,974 - Velocimacro : added VM includeNavigation: source=/templates/macros/page/navigation.vm
2021-05-07 04:17:36,974 - ResourceManager : found /templates/macros/page/navigation.vm with loader org.apache.velocity.runtime.resource.loader.ClasspathResourceLoader
2021-05-07 04:17:36,974 - ResourceManager : found /templates/macros/page/navigation.vm with loader org.apache.velocity.runtime.resource.loader.ClasspathResourceLoader
2021-05-07 04:17:36,974 - ResourceManager : found /templates/macros/page/navigation.vm with loader org.apache.velocity.runtime.resource.loader.ClasspathResourceLoader
2021-05-07 04:17:36,974 - ResourceManager : found /templates/macros/page/navigation.vm with loader org.apache.velocity.runtime.resource.loader.ClasspathResourceLoader
2021-05-07 04:17:36,975 - Velocimacro : added VM includeBuildInfo: source=/templates/macros/page/buildinfo.vm
2021-05-07 04:17:36,975 - Velocimacro : added VM includeBuildInfo: source=/templates/macros/page/buildinfo.vm
2021-05-07 04:17:36,975 - Velocimacro : added VM includeBuildInfo: source=/templates/macros/page/buildinfo.vm
2021-05-07 04:17:36,975 - Velocimacro : added VM includeBuildInfo: source=/templates/macros/page/buildinfo.vm
2021-05-07 04:17:36,975 - ResourceManager : found /templates/macros/page/buildinfo.vm with loader org.apache.velocity.runtime.resource.loader.ClasspathResourceLoader
2021-05-07 04:17:36,975 - ResourceManager : found /templates/macros/page/buildinfo.vm with loader org.apache.velocity.runtime.resource.loader.ClasspathResourceLoader
2021-05-07 04:17:36,975 - ResourceManager : found /templates/macros/page/buildinfo.vm with loader org.apache.velocity.runtime.resource.loader.ClasspathResourceLoader
2021-05-07 04:17:36,975 - ResourceManager : found /templates/macros/page/buildinfo.vm with loader org.apache.velocity.runtime.resource.loader.ClasspathResourceLoader
2021-05-07 04:17:36,975 - Velocimacro : added VM includeLead: source=/templates/macros/page/lead.vm
2021-05-07 04:17:36,975 - Velocimacro : added VM includeLead: source=/templates/macros/page/lead.vm
2021-05-07 04:17:36,975 - Velocimacro : added VM includeLead: source=/templates/macros/page/lead.vm
2021-05-07 04:17:36,975 - Velocimacro : added VM includeLead: source=/templates/macros/page/lead.vm
2021-05-07 04:17:36,975 - ResourceManager : found /templates/macros/page/lead.vm with loader org.apache.velocity.runtime.resource.loader.ClasspathResourceLoader
2021-05-07 04:17:36,975 - ResourceManager : found /templates/macros/page/lead.vm with loader org.apache.velocity.runtime.resource.loader.ClasspathResourceLoader
2021-05-07 04:17:36,975 - ResourceManager : found /templates/macros/page/lead.vm with loader org.apache.velocity.runtime.resource.loader.ClasspathResourceLoader
2021-05-07 04:17:36,975 - ResourceManager : found /templates/macros/page/lead.vm with loader org.apache.velocity.runtime.resource.loader.ClasspathResourceLoader
2021-05-07 04:17:36,976 - Velocimacro : added VM includeStatsTable: source=/templates/macros/report/statsTable.vm
2021-05-07 04:17:36,976 - Velocimacro : added VM includeStatsTable: source=/templates/macros/report/statsTable.vm
2021-05-07 04:17:36,976 - Velocimacro : added VM includeStatsTable: source=/templates/macros/report/statsTable.vm
2021-05-07 04:17:36,976 - Velocimacro : added VM includeStatsTable: source=/templates/macros/report/statsTable.vm
2021-05-07 04:17:36,976 - ResourceManager : found /templates/macros/report/statsTable.vm with loader org.apache.velocity.runtime.resource.loader.ClasspathResourceLoader
2021-05-07 04:17:36,976 - ResourceManager : found /templates/macros/report/statsTable.vm with loader org.apache.velocity.runtime.resource.loader.ClasspathResourceLoader
2021-05-07 04:17:36,976 - ResourceManager : found /templates/macros/report/statsTable.vm with loader org.apache.velocity.runtime.resource.loader.ClasspathResourceLoader
2021-05-07 04:17:36,976 - ResourceManager : found /templates/macros/report/statsTable.vm with loader org.apache.velocity.runtime.resource.loader.ClasspathResourceLoader
2021-05-07 04:17:36,977 - Velocimacro : added VM includeReportTable: source=/templates/macros/report/reportTable.vm
2021-05-07 04:17:36,977 - Velocimacro : added VM includeReportTable: source=/templates/macros/report/reportTable.vm
2021-05-07 04:17:36,977 - Velocimacro : added VM includeReportTable: source=/templates/macros/report/reportTable.vm
2021-05-07 04:17:36,977 - Velocimacro : added VM includeReportTable: source=/templates/macros/report/reportTable.vm
2021-05-07 04:17:36,977 - ResourceManager : found /templates/macros/report/reportTable.vm with loader org.apache.velocity.runtime.resource.loader.ClasspathResourceLoader
2021-05-07 04:17:36,977 - ResourceManager : found /templates/macros/report/reportTable.vm with loader org.apache.velocity.runtime.resource.loader.ClasspathResourceLoader
2021-05-07 04:17:36,977 - ResourceManager : found /templates/macros/report/reportTable.vm with loader org.apache.velocity.runtime.resource.loader.ClasspathResourceLoader
2021-05-07 04:17:36,977 - ResourceManager : found /templates/macros/report/reportTable.vm with loader org.apache.velocity.runtime.resource.loader.ClasspathResourceLoader
2021-05-07 04:17:36,977 - Velocimacro : added VM includeReportHeader: source=/templates/macros/report/reportHeader.vm
2021-05-07 04:17:36,977 - Velocimacro : added VM includeReportHeader: source=/templates/macros/report/reportHeader.vm
2021-05-07 04:17:36,977 - Velocimacro : added VM includeReportHeader: source=/templates/macros/report/reportHeader.vm
2021-05-07 04:17:36,977 - Velocimacro : added VM includeReportHeader: source=/templates/macros/report/reportHeader.vm
2021-05-07 04:17:36,977 - ResourceManager : found /templates/macros/report/reportHeader.vm with loader org.apache.velocity.runtime.resource.loader.ClasspathResourceLoader
2021-05-07 04:17:36,977 - ResourceManager : found /templates/macros/report/reportHeader.vm with loader org.apache.velocity.runtime.resource.loader.ClasspathResourceLoader
2021-05-07 04:17:36,977 - ResourceManager : found /templates/macros/report/reportHeader.vm with loader org.apache.velocity.runtime.resource.loader.ClasspathResourceLoader
2021-05-07 04:17:36,977 - ResourceManager : found /templates/macros/report/reportHeader.vm with loader org.apache.velocity.runtime.resource.loader.ClasspathResourceLoader
2021-05-07 04:17:36,978 - Velocimacro : added VM includeElements: source=/templates/macros/report/elements.vm
2021-05-07 04:17:36,978 - Velocimacro : added VM includeElements: source=/templates/macros/report/elements.vm
2021-05-07 04:17:36,978 - Velocimacro : added VM includeElements: source=/templates/macros/report/elements.vm
2021-05-07 04:17:36,978 - Velocimacro : added VM includeElements: source=/templates/macros/report/elements.vm
2021-05-07 04:17:36,978 - ResourceManager : found /templates/macros/report/elements.vm with loader org.apache.velocity.runtime.resource.loader.ClasspathResourceLoader
2021-05-07 04:17:36,978 - ResourceManager : found /templates/macros/report/elements.vm with loader org.apache.velocity.runtime.resource.loader.ClasspathResourceLoader
2021-05-07 04:17:36,978 - ResourceManager : found /templates/macros/report/elements.vm with loader org.apache.velocity.runtime.resource.loader.ClasspathResourceLoader
2021-05-07 04:17:36,978 - ResourceManager : found /templates/macros/report/elements.vm with loader org.apache.velocity.runtime.resource.loader.ClasspathResourceLoader
2021-05-07 04:17:36,979 - Velocimacro : added VM includeBrief: source=/templates/macros/report/brief.vm
2021-05-07 04:17:36,979 - Velocimacro : added VM includeBrief: source=/templates/macros/report/brief.vm
2021-05-07 04:17:36,979 - Velocimacro : added VM includeBrief: source=/templates/macros/report/brief.vm
2021-05-07 04:17:36,979 - Velocimacro : added VM includeBrief: source=/templates/macros/report/brief.vm
2021-05-07 04:17:36,979 - ResourceManager : found /templates/macros/report/brief.vm with loader org.apache.velocity.runtime.resource.loader.ClasspathResourceLoader
2021-05-07 04:17:36,979 - ResourceManager : found /templates/macros/report/brief.vm with loader org.apache.velocity.runtime.resource.loader.ClasspathResourceLoader
2021-05-07 04:17:36,979 - ResourceManager : found /templates/macros/report/brief.vm with loader org.apache.velocity.runtime.resource.loader.ClasspathResourceLoader
2021-05-07 04:17:36,979 - ResourceManager : found /templates/macros/report/brief.vm with loader org.apache.velocity.runtime.resource.loader.ClasspathResourceLoader
2021-05-07 04:17:36,979 - Velocimacro : added VM includeTags: source=/templates/macros/report/tags.vm
2021-05-07 04:17:36,979 - Velocimacro : added VM includeTags: source=/templates/macros/report/tags.vm
2021-05-07 04:17:36,979 - Velocimacro : added VM includeTags: source=/templates/macros/report/tags.vm
2021-05-07 04:17:36,979 - Velocimacro : added VM includeTags: source=/templates/macros/report/tags.vm
2021-05-07 04:17:36,979 - ResourceManager : found /templates/macros/report/tags.vm with loader org.apache.velocity.runtime.resource.loader.ClasspathResourceLoader
2021-05-07 04:17:36,979 - ResourceManager : found /templates/macros/report/tags.vm with loader org.apache.velocity.runtime.resource.loader.ClasspathResourceLoader
2021-05-07 04:17:36,979 - ResourceManager : found /templates/macros/report/tags.vm with loader org.apache.velocity.runtime.resource.loader.ClasspathResourceLoader
2021-05-07 04:17:36,979 - ResourceManager : found /templates/macros/report/tags.vm with loader org.apache.velocity.runtime.resource.loader.ClasspathResourceLoader
2021-05-07 04:17:36,980 - Velocimacro : added VM includeEmbeddings: source=/templates/macros/report/embeddings.vm
2021-05-07 04:17:36,980 - Velocimacro : added VM includeEmbeddings: source=/templates/macros/report/embeddings.vm
2021-05-07 04:17:36,980 - Velocimacro : added VM includeEmbeddings: source=/templates/macros/report/embeddings.vm
2021-05-07 04:17:36,980 - Velocimacro : added VM includeEmbeddings: source=/templates/macros/report/embeddings.vm
2021-05-07 04:17:36,980 - Velocimacro : added VM includeImageEmbedding: source=/templates/macros/report/embeddings.vm
2021-05-07 04:17:36,980 - Velocimacro : added VM includeImageEmbedding: source=/templates/macros/report/embeddings.vm
2021-05-07 04:17:36,980 - Velocimacro : added VM includeImageEmbedding: source=/templates/macros/report/embeddings.vm
2021-05-07 04:17:36,980 - Velocimacro : added VM includeImageEmbedding: source=/templates/macros/report/embeddings.vm
2021-05-07 04:17:36,980 - Velocimacro : added VM includeMonochromeTextEmbedding: source=/templates/macros/report/embeddings.vm
2021-05-07 04:17:36,980 - Velocimacro : added VM includeMonochromeTextEmbedding: source=/templates/macros/report/embeddings.vm
2021-05-07 04:17:36,980 - Velocimacro : added VM includeMonochromeTextEmbedding: source=/templates/macros/report/embeddings.vm
2021-05-07 04:17:36,980 - Velocimacro : added VM includeMonochromeTextEmbedding: source=/templates/macros/report/embeddings.vm
2021-05-07 04:17:36,980 - Velocimacro : added VM includePlainTextEmbedding: source=/templates/macros/report/embeddings.vm
2021-05-07 04:17:36,980 - Velocimacro : added VM includePlainTextEmbedding: source=/templates/macros/report/embeddings.vm
2021-05-07 04:17:36,980 - Velocimacro : added VM includePlainTextEmbedding: source=/templates/macros/report/embeddings.vm
2021-05-07 04:17:36,980 - Velocimacro : added VM includePlainTextEmbedding: source=/templates/macros/report/embeddings.vm
2021-05-07 04:17:36,981 - Velocimacro : added VM includeUnknownEmbedding: source=/templates/macros/report/embeddings.vm
2021-05-07 04:17:36,981 - Velocimacro : added VM includeUnknownEmbedding: source=/templates/macros/report/embeddings.vm
2021-05-07 04:17:36,981 - Velocimacro : added VM includeUnknownEmbedding: source=/templates/macros/report/embeddings.vm
2021-05-07 04:17:36,981 - Velocimacro : added VM includeUnknownEmbedding: source=/templates/macros/report/embeddings.vm
2021-05-07 04:17:36,981 - Velocimacro : added VM includeExpandableEmbedding: source=/templates/macros/report/embeddings.vm
2021-05-07 04:17:36,981 - Velocimacro : added VM includeExpandableEmbedding: source=/templates/macros/report/embeddings.vm
2021-05-07 04:17:36,981 - Velocimacro : added VM includeExpandableEmbedding: source=/templates/macros/report/embeddings.vm
2021-05-07 04:17:36,981 - Velocimacro : added VM includeExpandableEmbedding: source=/templates/macros/report/embeddings.vm
2021-05-07 04:17:36,981 - ResourceManager : found /templates/macros/report/embeddings.vm with loader org.apache.velocity.runtime.resource.loader.ClasspathResourceLoader
2021-05-07 04:17:36,981 - ResourceManager : found /templates/macros/report/embeddings.vm with loader org.apache.velocity.runtime.resource.loader.ClasspathResourceLoader
2021-05-07 04:17:36,981 - ResourceManager : found /templates/macros/report/embeddings.vm with loader org.apache.velocity.runtime.resource.loader.ClasspathResourceLoader
2021-05-07 04:17:36,981 - ResourceManager : found /templates/macros/report/embeddings.vm with loader org.apache.velocity.runtime.resource.loader.ClasspathResourceLoader
2021-05-07 04:17:36,981 - Velocimacro : added VM includeHooks: source=/templates/macros/report/hooks.vm
2021-05-07 04:17:36,981 - Velocimacro : added VM includeHooks: source=/templates/macros/report/hooks.vm
2021-05-07 04:17:36,981 - Velocimacro : added VM includeHooks: source=/templates/macros/report/hooks.vm
2021-05-07 04:17:36,981 - Velocimacro : added VM includeHooks: source=/templates/macros/report/hooks.vm
2021-05-07 04:17:36,981 - ResourceManager : found /templates/macros/report/hooks.vm with loader org.apache.velocity.runtime.resource.loader.ClasspathResourceLoader
2021-05-07 04:17:36,981 - ResourceManager : found /templates/macros/report/hooks.vm with loader org.apache.velocity.runtime.resource.loader.ClasspathResourceLoader
2021-05-07 04:17:36,981 - ResourceManager : found /templates/macros/report/hooks.vm with loader org.apache.velocity.runtime.resource.loader.ClasspathResourceLoader
2021-05-07 04:17:36,981 - ResourceManager : found /templates/macros/report/hooks.vm with loader org.apache.velocity.runtime.resource.loader.ClasspathResourceLoader
2021-05-07 04:17:36,983 - Velocimacro : added VM includeDuration: source=/templates/macros/report/duration.vm
2021-05-07 04:17:36,983 - Velocimacro : added VM includeDuration: source=/templates/macros/report/duration.vm
2021-05-07 04:17:36,983 - Velocimacro : added VM includeDuration: source=/templates/macros/report/duration.vm
2021-05-07 04:17:36,983 - Velocimacro : added VM includeDuration: source=/templates/macros/report/duration.vm
2021-05-07 04:17:36,983 - ResourceManager : found /templates/macros/report/duration.vm with loader org.apache.velocity.runtime.resource.loader.ClasspathResourceLoader
2021-05-07 04:17:36,983 - ResourceManager : found /templates/macros/report/duration.vm with loader org.apache.velocity.runtime.resource.loader.ClasspathResourceLoader
2021-05-07 04:17:36,983 - ResourceManager : found /templates/macros/report/duration.vm with loader org.apache.velocity.runtime.resource.loader.ClasspathResourceLoader
2021-05-07 04:17:36,983 - ResourceManager : found /templates/macros/report/duration.vm with loader org.apache.velocity.runtime.resource.loader.ClasspathResourceLoader
2021-05-07 04:17:36,984 - Velocimacro : added VM includeMessage: source=/templates/macros/report/message.vm
2021-05-07 04:17:36,984 - Velocimacro : added VM includeMessage: source=/templates/macros/report/message.vm
2021-05-07 04:17:36,984 - Velocimacro : added VM includeMessage: source=/templates/macros/report/message.vm
2021-05-07 04:17:36,984 - Velocimacro : added VM includeMessage: source=/templates/macros/report/message.vm
2021-05-07 04:17:36,984 - ResourceManager : found /templates/macros/report/message.vm with loader org.apache.velocity.runtime.resource.loader.ClasspathResourceLoader
2021-05-07 04:17:36,984 - ResourceManager : found /templates/macros/report/message.vm with loader org.apache.velocity.runtime.resource.loader.ClasspathResourceLoader
2021-05-07 04:17:36,984 - ResourceManager : found /templates/macros/report/message.vm with loader org.apache.velocity.runtime.resource.loader.ClasspathResourceLoader
2021-05-07 04:17:36,984 - ResourceManager : found /templates/macros/report/message.vm with loader org.apache.velocity.runtime.resource.loader.ClasspathResourceLoader
2021-05-07 04:17:36,985 - ResourceManager : found /templates/footer.html with loader org.apache.velocity.runtime.resource.loader.ClasspathResourceLoader
2021-05-07 04:17:36,985 - ResourceManager : found /templates/footer.html with loader org.apache.velocity.runtime.resource.loader.ClasspathResourceLoader
2021-05-07 04:17:36,985 - ResourceManager : found /templates/footer.html with loader org.apache.velocity.runtime.resource.loader.ClasspathResourceLoader
2021-05-07 04:17:36,985 - ResourceManager : found /templates/footer.html with loader org.apache.velocity.runtime.resource.loader.ClasspathResourceLoader
